Ê≠£Âú®ÂêØÂä® Spring Boot Â∫îÁî®...
[[1;34mINFO[m] Scanning for projects...
[[1;34mINFO[m] 
[[1;34mINFO[m] [1m-------------------< [0;36mcom.documentpreview:nexus-lite[0;1m >-------------------[m
[[1;34mINFO[m] [1mBuilding nexus-lite 1.0.0-SNAPSHOT[m
[[1;34mINFO[m] [1m--------------------------------[ jar ]---------------------------------[m
[[1;34mINFO[m] 
[[1;34mINFO[m] [1m>>> [0;32mspring-boot-maven-plugin:3.2.0:run[m [1m(default-cli)[0;1m > [0;1mtest-compile[m @ [36mnexus-lite[0;1m >>>[m
[[1;34mINFO[m] 
[[1;34mINFO[m] [1m--- [0;32mmaven-resources-plugin:3.3.1:resources[m [1m(default-resources)[m @ [36mnexus-lite[0;1m ---[m
[[1;34mINFO[m] Copying 1 resource from src/main/resources to target/classes
[[1;34mINFO[m] Copying 2 resources from src/main/resources to target/classes
[[1;34mINFO[m] 
[[1;34mINFO[m] [1m--- [0;32mmaven-compiler-plugin:3.11.0:compile[m [1m(default-compile)[m @ [36mnexus-lite[0;1m ---[m
[[1;34mINFO[m] Changes detected - recompiling the module! :source
[[1;34mINFO[m] Compiling 43 source files with javac [debug release 17] to target/classes
[[1;33mWARNING[m] unknown enum constant javax.annotation.meta.When.MAYBE
  reason: class file for javax.annotation.meta.When not found
[[1;33mWARNING[m] unknown enum constant javax.annotation.meta.When.MAYBE
  reason: class file for javax.annotation.meta.When not found
[[1;33mWARNING[m] unknown enum constant javax.annotation.meta.When.MAYBE
  reason: class file for javax.annotation.meta.When not found
[[1;33mWARNING[m] unknown enum constant javax.annotation.meta.When.MAYBE
  reason: class file for javax.annotation.meta.When not found
[[1;33mWARNING[m] unknown enum constant javax.annotation.meta.When.MAYBE
  reason: class file for javax.annotation.meta.When not found
[[1;34mINFO[m] 
[[1;34mINFO[m] [1m--- [0;32mmaven-resources-plugin:3.3.1:testResources[m [1m(default-testResources)[m @ [36mnexus-lite[0;1m ---[m
[[1;34mINFO[m] skip non existing resourceDirectory /root/lite-webviewer/src/test/resources
[[1;34mINFO[m] 
[[1;34mINFO[m] [1m--- [0;32mmaven-compiler-plugin:3.11.0:testCompile[m [1m(default-testCompile)[m @ [36mnexus-lite[0;1m ---[m
[[1;34mINFO[m] No sources to compile
[[1;34mINFO[m] 
[[1;34mINFO[m] [1m<<< [0;32mspring-boot-maven-plugin:3.2.0:run[m [1m(default-cli)[0;1m < [0;1mtest-compile[m @ [36mnexus-lite[0;1m <<<[m
[[1;34mINFO[m] 
[[1;34mINFO[m] 
[[1;34mINFO[m] [1m--- [0;32mspring-boot-maven-plugin:3.2.0:run[m [1m(default-cli)[m @ [36mnexus-lite[0;1m ---[m
[[1;34mINFO[m] Attaching agents: []
Standard Commons Logging discovery in action with spring-jcl: please remove commons-logging.jar from classpath in order to avoid potential conflicts

  .   ____          _            __ _ _
 /\\ / ___'_ __ _ _(_)_ __  __ _ \ \ \ \
( ( )\___ | '_ | '_| | '_ \/ _` | \ \ \ \
 \\/  ___)| |_)| | | | | || (_| |  ) ) ) )
  '  |____| .__|_| |_|_| |_\__, | / / / /
 =========|_|==============|___/=/_/_/_/
 :: Spring Boot ::                (v3.2.0)

2025-11-30 15:12:54 [main] INFO  c.d.NexusLiteApplication - Starting NexusLiteApplication using Java 17.0.17 with PID 7696 (/root/lite-webviewer/target/classes started by root in /root/lite-webviewer)
2025-11-30 15:12:54 [main] DEBUG c.d.NexusLiteApplication - Running with Spring Boot v3.2.0, Spring v6.1.1
2025-11-30 15:12:54 [main] INFO  c.d.NexusLiteApplication - No active profile set, falling back to 1 default profile: "default"
2025-11-30 15:12:55 [main] INFO  o.s.d.r.c.RepositoryConfigurationDelegate - Bootstrapping Spring Data JPA repositories in DEFAULT mode.
2025-11-30 15:12:55 [main] INFO  o.s.d.r.c.RepositoryConfigurationDelegate - Finished Spring Data repository scanning in 23 ms. Found 0 JPA repository interfaces.
2025-11-30 15:12:57 [main] INFO  o.s.b.w.e.tomcat.TomcatWebServer - Tomcat initialized with port 8080 (http)
2025-11-30 15:12:57 [main] INFO  o.a.catalina.core.StandardService - Starting service [Tomcat]
2025-11-30 15:12:57 [main] INFO  o.a.catalina.core.StandardEngine - Starting Servlet engine: [Apache Tomcat/10.1.16]
2025-11-30 15:12:57 [main] INFO  o.a.c.c.C.[Tomcat].[localhost].[/] - Initializing Spring embedded WebApplicationContext
2025-11-30 15:12:57 [main] INFO  o.s.b.w.s.c.ServletWebServerApplicationContext - Root WebApplicationContext: initialization completed in 3088 ms
Standard Commons Logging discovery in action with spring-jcl: please remove commons-logging.jar from classpath in order to avoid potential conflicts
2025-11-30 15:12:58 [main] INFO  o.s.o.j.p.SpringPersistenceUnitInfo - No LoadTimeWeaver setup: ignoring JPA class transformer
2025-11-30 15:12:58 [main] INFO  com.zaxxer.hikari.HikariDataSource - HikariPool-1 - Starting...
2025-11-30 15:12:58 [main] INFO  com.zaxxer.hikari.pool.HikariPool - HikariPool-1 - Added connection conn0: url=jdbc:h2:file:./data/nexus_db user=SA
2025-11-30 15:12:58 [main] INFO  com.zaxxer.hikari.HikariDataSource - HikariPool-1 - Start completed.
2025-11-30 15:12:58 [main] WARN  org.hibernate.orm.deprecation - HHH90000025: H2Dialect does not need to be specified explicitly using 'hibernate.dialect' (remove the property setting and it will be selected by default)
2025-11-30 15:12:59 [main] INFO  o.s.o.j.LocalContainerEntityManagerFactoryBean - Initialized JPA EntityManagerFactory for persistence unit 'default'
2025-11-30 15:12:59 [main] WARN  o.s.b.a.o.j.JpaBaseConfiguration$JpaWebConfiguration - spring.jpa.open-in-view is enabled by default. Therefore, database queries may be performed during view rendering. Explicitly configure spring.jpa.open-in-view to disable this warning
2025-11-30 15:12:59 [main] INFO  o.s.b.a.w.s.WelcomePageHandlerMapping - Adding welcome page: class path resource [static/index.html]
2025-11-30 15:13:00 [main] INFO  o.s.b.a.e.web.EndpointLinksResolver - Exposing 3 endpoint(s) beneath base path '/actuator'
2025-11-30 15:13:00 [main] INFO  o.s.b.w.e.tomcat.TomcatWebServer - Tomcat started on port 8080 (http) with context path ''
2025-11-30 15:13:00 [main] INFO  c.d.NexusLiteApplication - Started NexusLiteApplication in 7.644 seconds (process running for 8.8)
2025-11-30 15:13:26 [http-nio-8080-exec-1] INFO  o.a.c.c.C.[Tomcat].[localhost].[/] - Initializing Spring DispatcherServlet 'dispatcherServlet'
2025-11-30 15:13:26 [http-nio-8080-exec-1] INFO  o.s.web.servlet.DispatcherServlet - Initializing Servlet 'dispatcherServlet'
2025-11-30 15:13:26 [http-nio-8080-exec-1] INFO  o.s.web.servlet.DispatcherServlet - Completed initialization in 1 ms
2025-11-30 15:13:27 [http-nio-8080-exec-1] INFO  c.d.web.controller.IndexController - GET /api/v1/index/json
2025-11-30 15:13:27 [http-nio-8080-exec-1] INFO  c.d.m.s.r.IndexRepositoryImpl - Loading index from file system
2025-11-30 15:13:27 [http-nio-8080-exec-1] INFO  c.d.m.s.r.IndexRepositoryImpl - Loading index from JSON file: ./data/index.json
2025-11-30 15:13:27 [http-nio-8080-exec-2] INFO  c.d.web.controller.IndexController - GET /api/v1/index/json
2025-11-30 15:13:27 [http-nio-8080-exec-2] INFO  c.d.m.s.r.IndexRepositoryImpl - Loading index from file system
2025-11-30 15:13:27 [http-nio-8080-exec-2] INFO  c.d.m.s.r.IndexRepositoryImpl - Loading index from JSON file: ./data/index.json
2025-11-30 15:13:32 [http-nio-8080-exec-4] INFO  c.d.w.controller.DocumentController - GET /api/v1/document/preview - filePath: Hands-on Wireless Sensing with Wi-Fi_A Tutorial(OCR).pdf, startPage: null, endPage: null
2025-11-30 15:13:32 [http-nio-8080-exec-4] INFO  c.d.m.p.service.PreviewServiceImpl - Generating preview for file: /root/lite-webviewer/docs/Hands-on Wireless Sensing with Wi-Fi_A Tutorial(OCR).pdf
2025-11-30 15:13:32 [http-nio-8080-exec-4] INFO  c.d.m.p.service.PreviewServiceImpl - Generating PDF preview for file: /root/lite-webviewer/docs/Hands-on Wireless Sensing with Wi-Fi_A Tutorial(OCR).pdf, pages 1-20
2025-11-30 15:13:33 [http-nio-8080-exec-5] INFO  c.d.w.controller.DocumentController - GET /api/v1/document/preview - filePath: nexus-lite-vibe-coding-final.md, startPage: null, endPage: null
2025-11-30 15:13:33 [http-nio-8080-exec-5] INFO  c.d.m.p.service.PreviewServiceImpl - Generating preview for file: /root/lite-webviewer/docs/nexus-lite-vibe-coding-final.md
2025-11-30 15:13:33 [http-nio-8080-exec-5] DEBUG c.d.m.p.service.PreviewServiceImpl - Generating Markdown preview for file: /root/lite-webviewer/docs/nexus-lite-vibe-coding-final.md
2025-11-30 15:13:35 [http-nio-8080-exec-6] INFO  c.d.w.controller.DocumentController - GET /api/v1/document/preview - filePath: test-xinjiang.md, startPage: null, endPage: null
2025-11-30 15:13:35 [http-nio-8080-exec-6] INFO  c.d.m.p.service.PreviewServiceImpl - Generating preview for file: /root/lite-webviewer/docs/test-xinjiang.md
2025-11-30 15:13:35 [http-nio-8080-exec-6] ERROR c.d.w.controller.DocumentController - Failed to generate preview for test-xinjiang.md: File does not exist or is not a file
2025-11-30 15:13:39 [http-nio-8080-exec-7] INFO  c.d.w.controller.DocumentController - GET /api/v1/document/preview - filePath: WebÈ¢ÑËßàÁ≥ªÁªü‰∫ßÂìÅËÆæËÆ°.md, startPage: null, endPage: null
2025-11-30 15:13:39 [http-nio-8080-exec-7] INFO  c.d.m.p.service.PreviewServiceImpl - Generating preview for file: /root/lite-webviewer/docs/WebÈ¢ÑËßàÁ≥ªÁªü‰∫ßÂìÅËÆæËÆ°.md
2025-11-30 15:13:39 [http-nio-8080-exec-7] DEBUG c.d.m.p.service.PreviewServiceImpl - Generating Markdown preview for file: /root/lite-webviewer/docs/WebÈ¢ÑËßàÁ≥ªÁªü‰∫ßÂìÅËÆæËÆ°.md
2025-11-30 15:13:41 [http-nio-8080-exec-8] INFO  c.d.w.controller.DocumentController - GET /api/v1/document/preview - filePath: test-xinjiang.md, startPage: null, endPage: null
2025-11-30 15:13:41 [http-nio-8080-exec-8] ERROR c.d.w.controller.DocumentController - Failed to generate preview for test-xinjiang.md: File does not exist or is not a file
2025-11-30 15:13:42 [http-nio-8080-exec-9] INFO  c.d.w.controller.DocumentController - GET /api/v1/document/preview - filePath: sample.csv, startPage: null, endPage: null
2025-11-30 15:13:42 [http-nio-8080-exec-9] INFO  c.d.m.p.service.PreviewServiceImpl - Generating preview for file: /root/lite-webviewer/docs/sample.csv
2025-11-30 15:13:42 [http-nio-8080-exec-9] DEBUG c.d.m.p.service.PreviewServiceImpl - Generating CSV preview for file: /root/lite-webviewer/docs/sample.csv
2025-11-30 15:13:43 [http-nio-8080-exec-10] INFO  c.d.w.controller.DocumentController - GET /api/v1/document/preview - filePath: test-xinjiang.md, startPage: null, endPage: null
2025-11-30 15:13:43 [http-nio-8080-exec-10] ERROR c.d.w.controller.DocumentController - Failed to generate preview for test-xinjiang.md: File does not exist or is not a file
2025-11-30 15:13:44 [http-nio-8080-exec-1] INFO  c.d.w.controller.DocumentController - POST /api/v1/document/force-scan - executing forced full scan
2025-11-30 15:13:44 [http-nio-8080-exec-1] INFO  c.d.w.controller.DocumentController - Starting forced full scan...
2025-11-30 15:13:44 [http-nio-8080-exec-1] INFO  c.d.m.s.service.FileScanServiceImpl - Forcing full scan (clearing cache)
2025-11-30 15:13:44 [http-nio-8080-exec-1] DEBUG c.d.m.s.service.FileScanServiceImpl - Cache size before clearing: 0
2025-11-30 15:13:44 [http-nio-8080-exec-1] DEBUG c.d.m.s.service.FileScanServiceImpl - Cache cleared, cache size: 0
2025-11-30 15:13:44 [http-nio-8080-exec-1] INFO  c.d.m.s.service.FileScanServiceImpl - Scanning root directory: /root/lite-webviewer/docs
2025-11-30 15:13:44 [http-nio-8080-exec-1] INFO  c.d.m.s.service.FileScanServiceImpl - Starting scan of 1 directories: [/root/lite-webviewer/docs]
2025-11-30 15:13:44 [http-nio-8080-exec-1] INFO  c.d.m.s.service.FileScanServiceImpl - Using root directories: /root/lite-webviewer/docs
2025-11-30 15:13:44 [http-nio-8080-exec-1] INFO  c.d.m.s.service.FileScanServiceImpl - Data directory configured as: ./data
2025-11-30 15:13:44 [http-nio-8080-exec-1] DEBUG c.d.m.s.service.FileScanServiceImpl - Processing file: WebÈ¢ÑËßàÁ≥ªÁªü‰∫ßÂìÅËÆæËÆ°.md (size: 58324 bytes, modified: 1764486597446)
2025-11-30 15:13:44 [http-nio-8080-exec-1] DEBUG c.d.m.s.service.FileScanServiceImpl - Successfully built search meta for: /root/lite-webviewer/docs/WebÈ¢ÑËßàÁ≥ªÁªü‰∫ßÂìÅËÆæËÆ°.md
2025-11-30 15:13:44 [http-nio-8080-exec-1] DEBUG c.d.m.s.service.FileScanServiceImpl - Processing file: Â£ÆÂ£Æ‰ΩúÊÅØÊó∂Èó¥ÂÆâÊéí.xlsx (size: 9069 bytes, modified: 1764486597446)
2025-11-30 15:13:44 [http-nio-8080-exec-1] DEBUG c.d.m.s.service.FileScanServiceImpl - Successfully built search meta for: /root/lite-webviewer/docs/ÂîÆÂâçËµÑÊñô/Â£ÆÂ£Æ‰ΩúÊÅØÊó∂Èó¥ÂÆâÊéí.xlsx
2025-11-30 15:13:44 [http-nio-8080-exec-1] DEBUG c.d.m.s.service.FileScanServiceImpl - Processing file: test.md (size: 151 bytes, modified: 1764486597446)
2025-11-30 15:13:44 [http-nio-8080-exec-1] DEBUG c.d.m.s.service.FileScanServiceImpl - Successfully built search meta for: /root/lite-webviewer/docs/ÂîÆÂâçËµÑÊñô/test.md
2025-11-30 15:13:44 [http-nio-8080-exec-1] DEBUG c.d.m.s.service.FileScanServiceImpl - Processing file: È°πÁõÆÁî≥Êä•ÁÆ°ÁêÜ.html (size: 17936 bytes, modified: 1764486597462)
2025-11-30 15:13:45 [http-nio-8080-exec-1] DEBUG c.d.m.s.service.FileScanServiceImpl - Successfully built search meta for: /root/lite-webviewer/docs/È°πÁõÆÁî≥Êä•ÁÆ°ÁêÜ.html
2025-11-30 15:13:45 [http-nio-8080-exec-1] DEBUG c.d.m.s.service.FileScanServiceImpl - Processing file: Âçé‰∏∫Á†îÂèëIPDÊµÅÁ®ã‰ªãÁªç.docx (size: 7402653 bytes, modified: 1764486597462)
2025-11-30 15:13:45 [http-nio-8080-exec-1] DEBUG c.d.m.s.service.FileScanServiceImpl - Successfully built search meta for: /root/lite-webviewer/docs/ÊäÄÊúØÊ°à‰æã/Âçé‰∏∫Á†îÂèëIPDÊµÅÁ®ã‰ªãÁªç.docx
2025-11-30 15:13:45 [http-nio-8080-exec-1] DEBUG c.d.m.s.service.FileScanServiceImpl - Processing file: nexus-lite-vibe-coding-final.md (size: 15129 bytes, modified: 1764486597446)
2025-11-30 15:13:45 [http-nio-8080-exec-1] DEBUG c.d.m.s.service.FileScanServiceImpl - Successfully built search meta for: /root/lite-webviewer/docs/nexus-lite-vibe-coding-final.md
2025-11-30 15:13:45 [http-nio-8080-exec-1] DEBUG c.d.m.s.service.FileScanServiceImpl - Processing file: ‰∏ì‰∏öÂâçÊôØÂàÜÊûê.html (size: 117786 bytes, modified: 1764486597446)
2025-11-30 15:13:45 [http-nio-8080-exec-1] DEBUG c.d.m.s.service.FileScanServiceImpl - Successfully built search meta for: /root/lite-webviewer/docs/‰∏ì‰∏öÂâçÊôØÂàÜÊûê.html
2025-11-30 15:13:45 [http-nio-8080-exec-1] DEBUG c.d.m.s.service.FileScanServiceImpl - Processing file: sample.csv (size: 47 bytes, modified: 1764486597446)
2025-11-30 15:13:45 [http-nio-8080-exec-1] DEBUG c.d.m.s.service.FileScanServiceImpl - Successfully built search meta for: /root/lite-webviewer/docs/sample.csv
2025-11-30 15:13:45 [http-nio-8080-exec-1] DEBUG c.d.m.s.service.FileScanServiceImpl - Processing file: Hands-on Wireless Sensing with Wi-Fi_A Tutorial(OCR).pdf (size: 3016626 bytes, modified: 1764486597446)
2025-11-30 15:13:45 [http-nio-8080-exec-1] WARN  o.a.p.pdmodel.font.PDCIDFontType2 - Using fallback font WenQuanYiZenHei for CID-keyed TrueType font SimSun
2025-11-30 15:13:46 [http-nio-8080-exec-1] DEBUG c.d.m.s.service.FileScanServiceImpl - Successfully built search meta for: /root/lite-webviewer/docs/Hands-on Wireless Sensing with Wi-Fi_A Tutorial(OCR).pdf
2025-11-30 15:13:46 [http-nio-8080-exec-1] INFO  c.d.m.s.service.FileScanServiceImpl - Creating index from 12 collected items
2025-11-30 15:13:46 [http-nio-8080-exec-1] INFO  c.d.m.s.service.FileScanServiceImpl - Scan completed successfully: Completed: 9 files, 3 directories
2025-11-30 15:13:46 [http-nio-8080-exec-1] INFO  c.d.m.s.service.FileScanServiceImpl - Scan duration: 1988 ms
2025-11-30 15:13:46 [http-nio-8080-exec-1] INFO  c.d.m.scan.service.ScanEventListener - Handling ScanFinishedEvent: ScanFinishedEvent{rootDirs=[/root/lite-webviewer/docs], fileCount=9, dirCount=3, durationMs=1989}
2025-11-30 15:13:46 [http-nio-8080-exec-1] INFO  c.d.m.s.r.IndexRepositoryImpl - Saving index as JSON: FilesIndex{rootDir='/root/lite-webviewer/docs', totalItems=12, files=9, directories=3, lastUpdated=1764486826289}
2025-11-30 15:13:46 [http-nio-8080-exec-1] INFO  c.d.m.s.r.IndexRepositoryImpl - Successfully saved index as JSON to: ./data/index.json
2025-11-30 15:13:46 [http-nio-8080-exec-1] INFO  c.d.m.scan.service.ScanEventListener - Successfully saved index as JSON: FilesIndex{rootDir='/root/lite-webviewer/docs', totalItems=12, files=9, directories=3, lastUpdated=1764486826289}
2025-11-30 15:13:46 [http-nio-8080-exec-1] INFO  c.d.m.s.r.IndexRepositoryImpl - Saving index as TOON: FilesIndex{rootDir='/root/lite-webviewer/docs', totalItems=12, files=9, directories=3, lastUpdated=1764486826289}
2025-11-30 15:13:46 [http-nio-8080-exec-1] INFO  c.d.m.s.s.TOONGeneratorServiceImpl - Generating TOON from index: FilesIndex{rootDir='/root/lite-webviewer/docs', totalItems=12, files=9, directories=3, lastUpdated=1764486826289}
2025-11-30 15:13:46 [http-nio-8080-exec-1] INFO  c.d.m.s.r.IndexRepositoryImpl - Successfully saved index as TOON to: ./data/index.toon
2025-11-30 15:13:46 [http-nio-8080-exec-1] INFO  c.d.m.scan.service.ScanEventListener - Successfully saved index as TOON: FilesIndex{rootDir='/root/lite-webviewer/docs', totalItems=12, files=9, directories=3, lastUpdated=1764486826289}
2025-11-30 15:13:46 [http-nio-8080-exec-1] INFO  c.d.m.s.service.FileScanServiceImpl - Saving 9 search metadata entries
2025-11-30 15:13:46 [http-nio-8080-exec-1] INFO  c.d.m.s.service.FileScanServiceImpl - Successfully saved search metadata
2025-11-30 15:13:46 [http-nio-8080-exec-1] INFO  c.d.w.controller.DocumentController - forced full scan completed successfully
2025-11-30 15:13:51 [http-nio-8080-exec-2] INFO  c.d.w.controller.DocumentController - POST /api/v1/document/force-scan - executing forced full scan
2025-11-30 15:13:51 [http-nio-8080-exec-2] INFO  c.d.w.controller.DocumentController - Starting forced full scan...
2025-11-30 15:13:51 [http-nio-8080-exec-2] INFO  c.d.m.s.service.FileScanServiceImpl - Forcing full scan (clearing cache)
2025-11-30 15:13:51 [http-nio-8080-exec-2] DEBUG c.d.m.s.service.FileScanServiceImpl - Cache size before clearing: 9
2025-11-30 15:13:51 [http-nio-8080-exec-2] DEBUG c.d.m.s.service.FileScanServiceImpl - Cache cleared, cache size: 0
2025-11-30 15:13:51 [http-nio-8080-exec-2] INFO  c.d.m.s.service.FileScanServiceImpl - Scanning root directory: /root/lite-webviewer/docs
2025-11-30 15:13:51 [http-nio-8080-exec-2] INFO  c.d.m.s.service.FileScanServiceImpl - Starting scan of 1 directories: [/root/lite-webviewer/docs]
2025-11-30 15:13:51 [http-nio-8080-exec-2] INFO  c.d.m.s.service.FileScanServiceImpl - Using root directories: /root/lite-webviewer/docs
2025-11-30 15:13:51 [http-nio-8080-exec-2] INFO  c.d.m.s.service.FileScanServiceImpl - Data directory configured as: ./data
2025-11-30 15:13:51 [http-nio-8080-exec-2] DEBUG c.d.m.s.service.FileScanServiceImpl - Processing file: WebÈ¢ÑËßàÁ≥ªÁªü‰∫ßÂìÅËÆæËÆ°.md (size: 58324 bytes, modified: 1764486597446)
2025-11-30 15:13:51 [http-nio-8080-exec-2] DEBUG c.d.m.s.service.FileScanServiceImpl - Successfully built search meta for: /root/lite-webviewer/docs/WebÈ¢ÑËßàÁ≥ªÁªü‰∫ßÂìÅËÆæËÆ°.md
2025-11-30 15:13:51 [http-nio-8080-exec-2] DEBUG c.d.m.s.service.FileScanServiceImpl - Processing file: Â£ÆÂ£Æ‰ΩúÊÅØÊó∂Èó¥ÂÆâÊéí.xlsx (size: 9069 bytes, modified: 1764486597446)
2025-11-30 15:13:51 [http-nio-8080-exec-2] DEBUG c.d.m.s.service.FileScanServiceImpl - Successfully built search meta for: /root/lite-webviewer/docs/ÂîÆÂâçËµÑÊñô/Â£ÆÂ£Æ‰ΩúÊÅØÊó∂Èó¥ÂÆâÊéí.xlsx
2025-11-30 15:13:51 [http-nio-8080-exec-2] DEBUG c.d.m.s.service.FileScanServiceImpl - Processing file: test.md (size: 151 bytes, modified: 1764486597446)
2025-11-30 15:13:51 [http-nio-8080-exec-2] DEBUG c.d.m.s.service.FileScanServiceImpl - Successfully built search meta for: /root/lite-webviewer/docs/ÂîÆÂâçËµÑÊñô/test.md
2025-11-30 15:13:51 [http-nio-8080-exec-2] DEBUG c.d.m.s.service.FileScanServiceImpl - Processing file: È°πÁõÆÁî≥Êä•ÁÆ°ÁêÜ.html (size: 17936 bytes, modified: 1764486597462)
2025-11-30 15:13:51 [http-nio-8080-exec-2] DEBUG c.d.m.s.service.FileScanServiceImpl - Successfully built search meta for: /root/lite-webviewer/docs/È°πÁõÆÁî≥Êä•ÁÆ°ÁêÜ.html
2025-11-30 15:13:51 [http-nio-8080-exec-2] DEBUG c.d.m.s.service.FileScanServiceImpl - Processing file: Âçé‰∏∫Á†îÂèëIPDÊµÅÁ®ã‰ªãÁªç.docx (size: 7402653 bytes, modified: 1764486597462)
2025-11-30 15:13:52 [http-nio-8080-exec-2] DEBUG c.d.m.s.service.FileScanServiceImpl - Successfully built search meta for: /root/lite-webviewer/docs/ÊäÄÊúØÊ°à‰æã/Âçé‰∏∫Á†îÂèëIPDÊµÅÁ®ã‰ªãÁªç.docx
2025-11-30 15:13:52 [http-nio-8080-exec-2] DEBUG c.d.m.s.service.FileScanServiceImpl - Processing file: nexus-lite-vibe-coding-final.md (size: 15129 bytes, modified: 1764486597446)
2025-11-30 15:13:52 [http-nio-8080-exec-2] DEBUG c.d.m.s.service.FileScanServiceImpl - Successfully built search meta for: /root/lite-webviewer/docs/nexus-lite-vibe-coding-final.md
2025-11-30 15:13:52 [http-nio-8080-exec-2] DEBUG c.d.m.s.service.FileScanServiceImpl - Processing file: ‰∏ì‰∏öÂâçÊôØÂàÜÊûê.html (size: 117786 bytes, modified: 1764486597446)
2025-11-30 15:13:52 [http-nio-8080-exec-2] DEBUG c.d.m.s.service.FileScanServiceImpl - Successfully built search meta for: /root/lite-webviewer/docs/‰∏ì‰∏öÂâçÊôØÂàÜÊûê.html
2025-11-30 15:13:52 [http-nio-8080-exec-2] DEBUG c.d.m.s.service.FileScanServiceImpl - Processing file: sample.csv (size: 47 bytes, modified: 1764486597446)
2025-11-30 15:13:52 [http-nio-8080-exec-2] DEBUG c.d.m.s.service.FileScanServiceImpl - Successfully built search meta for: /root/lite-webviewer/docs/sample.csv
2025-11-30 15:13:52 [http-nio-8080-exec-2] DEBUG c.d.m.s.service.FileScanServiceImpl - Processing file: Hands-on Wireless Sensing with Wi-Fi_A Tutorial(OCR).pdf (size: 3016626 bytes, modified: 1764486597446)
2025-11-30 15:13:52 [http-nio-8080-exec-2] WARN  o.a.p.pdmodel.font.PDCIDFontType2 - Using fallback font WenQuanYiZenHei for CID-keyed TrueType font SimSun
2025-11-30 15:13:52 [http-nio-8080-exec-2] DEBUG c.d.m.s.service.FileScanServiceImpl - Successfully built search meta for: /root/lite-webviewer/docs/Hands-on Wireless Sensing with Wi-Fi_A Tutorial(OCR).pdf
2025-11-30 15:13:52 [http-nio-8080-exec-2] INFO  c.d.m.s.service.FileScanServiceImpl - Creating index from 12 collected items
2025-11-30 15:13:52 [http-nio-8080-exec-2] INFO  c.d.m.s.service.FileScanServiceImpl - Scan completed successfully: Completed: 9 files, 3 directories
2025-11-30 15:13:52 [http-nio-8080-exec-2] INFO  c.d.m.s.service.FileScanServiceImpl - Scan duration: 566 ms
2025-11-30 15:13:52 [http-nio-8080-exec-2] INFO  c.d.m.scan.service.ScanEventListener - Handling ScanFinishedEvent: ScanFinishedEvent{rootDirs=[/root/lite-webviewer/docs], fileCount=9, dirCount=3, durationMs=567}
2025-11-30 15:13:52 [http-nio-8080-exec-2] INFO  c.d.m.s.r.IndexRepositoryImpl - Saving index as JSON: FilesIndex{rootDir='/root/lite-webviewer/docs', totalItems=12, files=9, directories=3, lastUpdated=1764486832398}
2025-11-30 15:13:52 [http-nio-8080-exec-2] INFO  c.d.m.s.r.IndexRepositoryImpl - Successfully saved index as JSON to: ./data/index.json
2025-11-30 15:13:52 [http-nio-8080-exec-2] INFO  c.d.m.scan.service.ScanEventListener - Successfully saved index as JSON: FilesIndex{rootDir='/root/lite-webviewer/docs', totalItems=12, files=9, directories=3, lastUpdated=1764486832398}
2025-11-30 15:13:52 [http-nio-8080-exec-2] INFO  c.d.m.s.r.IndexRepositoryImpl - Saving index as TOON: FilesIndex{rootDir='/root/lite-webviewer/docs', totalItems=12, files=9, directories=3, lastUpdated=1764486832398}
2025-11-30 15:13:52 [http-nio-8080-exec-2] INFO  c.d.m.s.s.TOONGeneratorServiceImpl - Generating TOON from index: FilesIndex{rootDir='/root/lite-webviewer/docs', totalItems=12, files=9, directories=3, lastUpdated=1764486832398}
2025-11-30 15:13:52 [http-nio-8080-exec-2] INFO  c.d.m.s.r.IndexRepositoryImpl - Successfully saved index as TOON to: ./data/index.toon
2025-11-30 15:13:52 [http-nio-8080-exec-2] INFO  c.d.m.scan.service.ScanEventListener - Successfully saved index as TOON: FilesIndex{rootDir='/root/lite-webviewer/docs', totalItems=12, files=9, directories=3, lastUpdated=1764486832398}
2025-11-30 15:13:52 [http-nio-8080-exec-2] INFO  c.d.m.s.service.FileScanServiceImpl - Saving 9 search metadata entries
2025-11-30 15:13:52 [http-nio-8080-exec-2] INFO  c.d.m.s.service.FileScanServiceImpl - Successfully saved search metadata
2025-11-30 15:13:52 [http-nio-8080-exec-2] INFO  c.d.w.controller.DocumentController - forced full scan completed successfully
2025-11-30 15:13:52 [http-nio-8080-exec-3] INFO  c.d.web.controller.IndexController - GET /api/v1/index/json
2025-11-30 15:13:52 [http-nio-8080-exec-3] INFO  c.d.m.s.r.IndexRepositoryImpl - Loading index from file system
2025-11-30 15:13:52 [http-nio-8080-exec-3] INFO  c.d.m.s.r.IndexRepositoryImpl - Loading index from JSON file: ./data/index.json
2025-11-30 15:13:55 [http-nio-8080-exec-4] INFO  c.d.w.controller.DocumentController - GET /api/v1/document/preview - filePath: sample.csv, startPage: null, endPage: null
2025-11-30 15:13:56 [http-nio-8080-exec-5] INFO  c.d.w.controller.DocumentController - GET /api/v1/document/preview - filePath: WebÈ¢ÑËßàÁ≥ªÁªü‰∫ßÂìÅËÆæËÆ°.md, startPage: null, endPage: null
2025-11-30 15:13:57 [http-nio-8080-exec-6] INFO  c.d.w.controller.DocumentController - GET /api/v1/document/preview - filePath: nexus-lite-vibe-coding-final.md, startPage: null, endPage: null
2025-11-30 15:13:59 [http-nio-8080-exec-7] INFO  c.d.w.controller.DocumentController - GET /api/v1/document/preview - filePath: Hands-on Wireless Sensing with Wi-Fi_A Tutorial(OCR).pdf, startPage: null, endPage: null
2025-11-30 15:14:04 [http-nio-8080-exec-10] INFO  c.d.w.controller.DocumentController - GET /api/v1/document/preview - filePath: ÂîÆÂâçËµÑÊñô/Â£ÆÂ£Æ‰ΩúÊÅØÊó∂Èó¥ÂÆâÊéí.xlsx, startPage: null, endPage: null
2025-11-30 15:14:04 [http-nio-8080-exec-10] INFO  c.d.m.p.service.PreviewServiceImpl - Generating preview for file: /root/lite-webviewer/docs/ÂîÆÂâçËµÑÊñô/Â£ÆÂ£Æ‰ΩúÊÅØÊó∂Èó¥ÂÆâÊéí.xlsx
2025-11-30 15:14:04 [http-nio-8080-exec-10] DEBUG c.d.m.p.service.PreviewServiceImpl - Generating XLSX preview for file: /root/lite-webviewer/docs/ÂîÆÂâçËµÑÊñô/Â£ÆÂ£Æ‰ΩúÊÅØÊó∂Èó¥ÂÆâÊéí.xlsx
2025-11-30 15:14:06 [http-nio-8080-exec-1] INFO  c.d.w.controller.DocumentController - GET /api/v1/document/preview - filePath: ÂîÆÂâçËµÑÊñô/test.md, startPage: null, endPage: null
2025-11-30 15:14:06 [http-nio-8080-exec-1] INFO  c.d.m.p.service.PreviewServiceImpl - Generating preview for file: /root/lite-webviewer/docs/ÂîÆÂâçËµÑÊñô/test.md
2025-11-30 15:14:06 [http-nio-8080-exec-1] DEBUG c.d.m.p.service.PreviewServiceImpl - Generating Markdown preview for file: /root/lite-webviewer/docs/ÂîÆÂâçËµÑÊñô/test.md
2025-11-30 15:14:09 [http-nio-8080-exec-2] INFO  c.d.web.controller.IndexController - GET /api/v1/index/json
2025-11-30 15:14:09 [http-nio-8080-exec-2] INFO  c.d.m.s.r.IndexRepositoryImpl - Loading index from file system
2025-11-30 15:14:09 [http-nio-8080-exec-2] INFO  c.d.m.s.r.IndexRepositoryImpl - Loading index from JSON file: ./data/index.json
2025-11-30 15:14:09 [http-nio-8080-exec-3] INFO  c.d.web.controller.IndexController - GET /api/v1/index/json
2025-11-30 15:14:09 [http-nio-8080-exec-3] INFO  c.d.m.s.r.IndexRepositoryImpl - Loading index from file system
2025-11-30 15:14:09 [http-nio-8080-exec-3] INFO  c.d.m.s.r.IndexRepositoryImpl - Loading index from JSON file: ./data/index.json
2025-11-30 15:14:14 [http-nio-8080-exec-5] INFO  c.d.w.controller.DocumentController - GET /api/v1/document/preview - filePath: Hands-on Wireless Sensing with Wi-Fi_A Tutorial(OCR).pdf, startPage: null, endPage: null
2025-11-30 15:14:15 [http-nio-8080-exec-6] INFO  c.d.w.controller.DocumentController - GET /api/v1/document/preview - filePath: nexus-lite-vibe-coding-final.md, startPage: null, endPage: null
2025-11-30 15:14:16 [http-nio-8080-exec-7] INFO  c.d.w.controller.DocumentController - GET /api/v1/document/preview - filePath: sample.csv, startPage: null, endPage: null
2025-11-30 15:14:17 [http-nio-8080-exec-8] INFO  c.d.w.controller.DocumentController - GET /api/v1/document/preview - filePath: WebÈ¢ÑËßàÁ≥ªÁªü‰∫ßÂìÅËÆæËÆ°.md, startPage: null, endPage: null
2025-11-30 15:14:23 [http-nio-8080-exec-1] INFO  c.d.w.controller.DocumentController - GET /api/v1/document/preview - filePath: ÂîÆÂâçËµÑÊñô/Â£ÆÂ£Æ‰ΩúÊÅØÊó∂Èó¥ÂÆâÊéí.xlsx, startPage: null, endPage: null
2025-11-30 15:14:24 [http-nio-8080-exec-2] INFO  c.d.w.controller.DocumentController - GET /api/v1/document/preview - filePath: ÂîÆÂâçËµÑÊñô/test.md, startPage: null, endPage: null
2025-11-30 15:14:27 [http-nio-8080-exec-3] INFO  c.d.w.controller.DocumentController - GET /api/v1/document/preview - filePath: ÊäÄÊúØÊ°à‰æã/Âçé‰∏∫Á†îÂèëIPDÊµÅÁ®ã‰ªãÁªç.docx, startPage: null, endPage: null
2025-11-30 15:14:27 [http-nio-8080-exec-3] INFO  c.d.m.p.service.PreviewServiceImpl - Generating preview for file: /root/lite-webviewer/docs/ÊäÄÊúØÊ°à‰æã/Âçé‰∏∫Á†îÂèëIPDÊµÅÁ®ã‰ªãÁªç.docx
2025-11-30 15:14:27 [http-nio-8080-exec-3] DEBUG c.d.m.p.service.PreviewServiceImpl - Generating DOCX preview for file: /root/lite-webviewer/docs/ÊäÄÊúØÊ°à‰æã/Âçé‰∏∫Á†îÂèëIPDÊµÅÁ®ã‰ªãÁªç.docx
2025-11-30 15:14:28 [http-nio-8080-exec-3] WARN  c.d.m.p.service.PreviewServiceImpl - Mammoth warnings: [Paragraph style with ID TOC1 was referenced but not defined in the document, Paragraph style with ID 7 was referenced but not defined in the document, Unrecognised paragraph style: Style ID: TOC, Unrecognised paragraph style: Style ID: TOC1, Run style with ID a3 was referenced but not defined in the document, Paragraph style with ID 11 was referenced but not defined in the document, Unrecognised run style: Style ID: a3, Unrecognised paragraph style: Style ID: 11, Unrecognised paragraph style: Style ID: 12, Paragraph style with ID TOC was referenced but not defined in the document, Unrecognised paragraph style: toc 1 (Style ID: 10), Paragraph style with ID 8 was referenced but not defined in the document, Unrecognised paragraph style: Style ID: 9, Paragraph style with ID 12 was referenced but not defined in the document, Unrecognised paragraph style: Style ID: 7, Unrecognised paragraph style: Style ID: 8, Paragraph style with ID 9 was referenced but not defined in the document]
2025-11-30 15:15:30 [http-nio-8080-exec-3] ERROR c.d.w.e.GlobalExceptionHandler - Exception occurred with trace ID: aa32050b-021b-4417-ba47-96625400005a
org.apache.catalina.connector.ClientAbortException: java.net.SocketTimeoutException
	at org.apache.catalina.connector.OutputBuffer.realWriteBytes(OutputBuffer.java:344)
	at org.apache.catalina.connector.OutputBuffer.appendByteArray(OutputBuffer.java:743)
	at org.apache.catalina.connector.OutputBuffer.append(OutputBuffer.java:670)
	at org.apache.catalina.connector.OutputBuffer.writeBytes(OutputBuffer.java:379)
	at org.apache.catalina.connector.OutputBuffer.write(OutputBuffer.java:357)
	at org.apache.catalina.connector.CoyoteOutputStream.write(CoyoteOutputStream.java:97)
	at org.apache.catalina.connector.CoyoteOutputStream.write(CoyoteOutputStream.java:90)
	at org.springframework.util.StreamUtils.copy(StreamUtils.java:134)
	at org.springframework.http.converter.StringHttpMessageConverter.writeInternal(StringHttpMessageConverter.java:130)
	at org.springframework.http.converter.StringHttpMessageConverter.writeInternal(StringHttpMessageConverter.java:44)
	at org.springframework.http.converter.AbstractHttpMessageConverter.write(AbstractHttpMessageConverter.java:236)
	at org.springframework.web.servlet.mvc.method.annotation.AbstractMessageConverterMethodProcessor.writeWithMessageConverters(AbstractMessageConverterMethodProcessor.java:300)
	at org.springframework.web.servlet.mvc.method.annotation.HttpEntityMethodProcessor.handleReturnValue(HttpEntityMethodProcessor.java:245)
	at org.springframework.web.method.support.HandlerMethodReturnValueHandlerComposite.handleReturnValue(HandlerMethodReturnValueHandlerComposite.java:78)
	at org.springframework.web.servlet.mvc.method.annotation.ServletInvocableHandlerMethod.invokeAndHandle(ServletInvocableHandlerMethod.java:136)
	at org.springframework.web.servlet.mvc.method.annotation.RequestMappingHandlerAdapter.invokeHandlerMethod(RequestMappingHandlerAdapter.java:917)
	at org.springframework.web.servlet.mvc.method.annotation.RequestMappingHandlerAdapter.handleInternal(RequestMappingHandlerAdapter.java:829)
	at org.springframework.web.servlet.mvc.method.AbstractHandlerMethodAdapter.handle(AbstractHandlerMethodAdapter.java:87)
	at org.springframework.web.servlet.DispatcherServlet.doDispatch(DispatcherServlet.java:1089)
	at org.springframework.web.servlet.DispatcherServlet.doService(DispatcherServlet.java:979)
	at org.springframework.web.servlet.FrameworkServlet.processRequest(FrameworkServlet.java:1014)
	at org.springframework.web.servlet.FrameworkServlet.doGet(FrameworkServlet.java:903)
	at jakarta.servlet.http.HttpServlet.service(HttpServlet.java:564)
	at org.springframework.web.servlet.FrameworkServlet.service(FrameworkServlet.java:885)
	at jakarta.servlet.http.HttpServlet.service(HttpServlet.java:658)
	at org.apache.catalina.core.ApplicationFilterChain.internalDoFilter(ApplicationFilterChain.java:205)
	at org.apache.catalina.core.ApplicationFilterChain.doFilter(ApplicationFilterChain.java:149)
	at org.apache.tomcat.websocket.server.WsFilter.doFilter(WsFilter.java:51)
	at org.apache.catalina.core.ApplicationFilterChain.internalDoFilter(ApplicationFilterChain.java:174)
	at org.apache.catalina.core.ApplicationFilterChain.doFilter(ApplicationFilterChain.java:149)
	at org.springframework.web.filter.RequestContextFilter.doFilterInternal(RequestContextFilter.java:100)
	at org.springframework.web.filter.OncePerRequestFilter.doFilter(OncePerRequestFilter.java:116)
	at org.apache.catalina.core.ApplicationFilterChain.internalDoFilter(ApplicationFilterChain.java:174)
	at org.apache.catalina.core.ApplicationFilterChain.doFilter(ApplicationFilterChain.java:149)
	at org.springframework.web.filter.FormContentFilter.doFilterInternal(FormContentFilter.java:93)
	at org.springframework.web.filter.OncePerRequestFilter.doFilter(OncePerRequestFilter.java:116)
	at org.apache.catalina.core.ApplicationFilterChain.internalDoFilter(ApplicationFilterChain.java:174)
	at org.apache.catalina.core.ApplicationFilterChain.doFilter(ApplicationFilterChain.java:149)
	at org.springframework.web.filter.ServerHttpObservationFilter.doFilterInternal(ServerHttpObservationFilter.java:109)
	at org.springframework.web.filter.OncePerRequestFilter.doFilter(OncePerRequestFilter.java:116)
	at org.apache.catalina.core.ApplicationFilterChain.internalDoFilter(ApplicationFilterChain.java:174)
	at org.apache.catalina.core.ApplicationFilterChain.doFilter(ApplicationFilterChain.java:149)
	at org.springframework.web.filter.CharacterEncodingFilter.doFilterInternal(CharacterEncodingFilter.java:201)
	at org.springframework.web.filter.OncePerRequestFilter.doFilter(OncePerRequestFilter.java:116)
	at org.apache.catalina.core.ApplicationFilterChain.internalDoFilter(ApplicationFilterChain.java:174)
	at org.apache.catalina.core.ApplicationFilterChain.doFilter(ApplicationFilterChain.java:149)
	at org.apache.catalina.core.StandardWrapperValve.invoke(StandardWrapperValve.java:167)
	at org.apache.catalina.core.StandardContextValve.invoke(StandardContextValve.java:90)
	at org.apache.catalina.authenticator.AuthenticatorBase.invoke(AuthenticatorBase.java:482)
	at org.apache.catalina.core.StandardHostValve.invoke(StandardHostValve.java:115)
	at org.apache.catalina.valves.ErrorReportValve.invoke(ErrorReportValve.java:93)
	at org.apache.catalina.core.StandardEngineValve.invoke(StandardEngineValve.java:74)
	at org.apache.catalina.connector.CoyoteAdapter.service(CoyoteAdapter.java:340)
	at org.apache.coyote.http11.Http11Processor.service(Http11Processor.java:391)
	at org.apache.coyote.AbstractProcessorLight.process(AbstractProcessorLight.java:63)
	at org.apache.coyote.AbstractProtocol$ConnectionHandler.process(AbstractProtocol.java:896)
	at org.apache.tomcat.util.net.NioEndpoint$SocketProcessor.doRun(NioEndpoint.java:1744)
	at org.apache.tomcat.util.net.SocketProcessorBase.run(SocketProcessorBase.java:52)
	at org.apache.tomcat.util.threads.ThreadPoolExecutor.runWorker(ThreadPoolExecutor.java:1191)
	at org.apache.tomcat.util.threads.ThreadPoolExecutor$Worker.run(ThreadPoolExecutor.java:659)
	at org.apache.tomcat.util.threads.TaskThread$WrappingRunnable.run(TaskThread.java:61)
	at java.base/java.lang.Thread.run(Thread.java:840)
Caused by: java.net.SocketTimeoutException: null
	at org.apache.tomcat.util.net.NioEndpoint$NioSocketWrapper.doWrite(NioEndpoint.java:1376)
	at org.apache.tomcat.util.net.SocketWrapperBase.doWrite(SocketWrapperBase.java:764)
	at org.apache.tomcat.util.net.SocketWrapperBase.writeBlocking(SocketWrapperBase.java:589)
	at org.apache.tomcat.util.net.SocketWrapperBase.write(SocketWrapperBase.java:533)
	at org.apache.coyote.http11.Http11OutputBuffer$SocketOutputBuffer.doWrite(Http11OutputBuffer.java:540)
	at org.apache.coyote.http11.filters.IdentityOutputFilter.doWrite(IdentityOutputFilter.java:73)
	at org.apache.coyote.http11.Http11OutputBuffer.doWrite(Http11OutputBuffer.java:193)
	at org.apache.coyote.Response.doWrite(Response.java:616)
	at org.apache.catalina.connector.OutputBuffer.realWriteBytes(OutputBuffer.java:331)
	... 61 common frames omitted
2025-11-30 15:15:30 [http-nio-8080-exec-3] WARN  o.s.w.s.m.m.a.ExceptionHandlerExceptionResolver - Failure in @ExceptionHandler com.documentpreview.web.exception.GlobalExceptionHandler#handleGlobalException(Exception, WebRequest)
org.springframework.http.converter.HttpMessageNotWritableException: No converter for [class java.util.HashMap] with preset Content-Type 'text/html'
	at org.springframework.web.servlet.mvc.method.annotation.AbstractMessageConverterMethodProcessor.writeWithMessageConverters(AbstractMessageConverterMethodProcessor.java:319)
	at org.springframework.web.servlet.mvc.method.annotation.HttpEntityMethodProcessor.handleReturnValue(HttpEntityMethodProcessor.java:245)
	at org.springframework.web.method.support.HandlerMethodReturnValueHandlerComposite.handleReturnValue(HandlerMethodReturnValueHandlerComposite.java:78)
	at org.springframework.web.servlet.mvc.method.annotation.ServletInvocableHandlerMethod.invokeAndHandle(ServletInvocableHandlerMethod.java:136)
	at org.springframework.web.servlet.mvc.method.annotation.ExceptionHandlerExceptionResolver.doResolveHandlerMethodException(ExceptionHandlerExceptionResolver.java:432)
	at org.springframework.web.servlet.handler.AbstractHandlerMethodExceptionResolver.doResolveException(AbstractHandlerMethodExceptionResolver.java:74)
	at org.springframework.web.servlet.handler.AbstractHandlerExceptionResolver.resolveException(AbstractHandlerExceptionResolver.java:161)
	at org.springframework.web.servlet.handler.HandlerExceptionResolverComposite.resolveException(HandlerExceptionResolverComposite.java:80)
	at org.springframework.web.servlet.DispatcherServlet.processHandlerException(DispatcherServlet.java:1357)
	at org.springframework.web.servlet.DispatcherServlet.processDispatchResult(DispatcherServlet.java:1160)
	at org.springframework.web.servlet.DispatcherServlet.doDispatch(DispatcherServlet.java:1106)
	at org.springframework.web.servlet.DispatcherServlet.doService(DispatcherServlet.java:979)
	at org.springframework.web.servlet.FrameworkServlet.processRequest(FrameworkServlet.java:1014)
	at org.springframework.web.servlet.FrameworkServlet.doGet(FrameworkServlet.java:903)
	at jakarta.servlet.http.HttpServlet.service(HttpServlet.java:564)
	at org.springframework.web.servlet.FrameworkServlet.service(FrameworkServlet.java:885)
	at jakarta.servlet.http.HttpServlet.service(HttpServlet.java:658)
	at org.apache.catalina.core.ApplicationFilterChain.internalDoFilter(ApplicationFilterChain.java:205)
	at org.apache.catalina.core.ApplicationFilterChain.doFilter(ApplicationFilterChain.java:149)
	at org.apache.tomcat.websocket.server.WsFilter.doFilter(WsFilter.java:51)
	at org.apache.catalina.core.ApplicationFilterChain.internalDoFilter(ApplicationFilterChain.java:174)
	at org.apache.catalina.core.ApplicationFilterChain.doFilter(ApplicationFilterChain.java:149)
	at org.springframework.web.filter.RequestContextFilter.doFilterInternal(RequestContextFilter.java:100)
	at org.springframework.web.filter.OncePerRequestFilter.doFilter(OncePerRequestFilter.java:116)
	at org.apache.catalina.core.ApplicationFilterChain.internalDoFilter(ApplicationFilterChain.java:174)
	at org.apache.catalina.core.ApplicationFilterChain.doFilter(ApplicationFilterChain.java:149)
	at org.springframework.web.filter.FormContentFilter.doFilterInternal(FormContentFilter.java:93)
	at org.springframework.web.filter.OncePerRequestFilter.doFilter(OncePerRequestFilter.java:116)
	at org.apache.catalina.core.ApplicationFilterChain.internalDoFilter(ApplicationFilterChain.java:174)
	at org.apache.catalina.core.ApplicationFilterChain.doFilter(ApplicationFilterChain.java:149)
	at org.springframework.web.filter.ServerHttpObservationFilter.doFilterInternal(ServerHttpObservationFilter.java:109)
	at org.springframework.web.filter.OncePerRequestFilter.doFilter(OncePerRequestFilter.java:116)
	at org.apache.catalina.core.ApplicationFilterChain.internalDoFilter(ApplicationFilterChain.java:174)
	at org.apache.catalina.core.ApplicationFilterChain.doFilter(ApplicationFilterChain.java:149)
	at org.springframework.web.filter.CharacterEncodingFilter.doFilterInternal(CharacterEncodingFilter.java:201)
	at org.springframework.web.filter.OncePerRequestFilter.doFilter(OncePerRequestFilter.java:116)
	at org.apache.catalina.core.ApplicationFilterChain.internalDoFilter(ApplicationFilterChain.java:174)
	at org.apache.catalina.core.ApplicationFilterChain.doFilter(ApplicationFilterChain.java:149)
	at org.apache.catalina.core.StandardWrapperValve.invoke(StandardWrapperValve.java:167)
	at org.apache.catalina.core.StandardContextValve.invoke(StandardContextValve.java:90)
	at org.apache.catalina.authenticator.AuthenticatorBase.invoke(AuthenticatorBase.java:482)
	at org.apache.catalina.core.StandardHostValve.invoke(StandardHostValve.java:115)
	at org.apache.catalina.valves.ErrorReportValve.invoke(ErrorReportValve.java:93)
	at org.apache.catalina.core.StandardEngineValve.invoke(StandardEngineValve.java:74)
	at org.apache.catalina.connector.CoyoteAdapter.service(CoyoteAdapter.java:340)
	at org.apache.coyote.http11.Http11Processor.service(Http11Processor.java:391)
	at org.apache.coyote.AbstractProcessorLight.process(AbstractProcessorLight.java:63)
	at org.apache.coyote.AbstractProtocol$ConnectionHandler.process(AbstractProtocol.java:896)
	at org.apache.tomcat.util.net.NioEndpoint$SocketProcessor.doRun(NioEndpoint.java:1744)
	at org.apache.tomcat.util.net.SocketProcessorBase.run(SocketProcessorBase.java:52)
	at org.apache.tomcat.util.threads.ThreadPoolExecutor.runWorker(ThreadPoolExecutor.java:1191)
	at org.apache.tomcat.util.threads.ThreadPoolExecutor$Worker.run(ThreadPoolExecutor.java:659)
	at org.apache.tomcat.util.threads.TaskThread$WrappingRunnable.run(TaskThread.java:61)
	at java.base/java.lang.Thread.run(Thread.java:840)
2025-11-30 15:17:36 [http-nio-8080-exec-5] INFO  o.a.coyote.http11.Http11Processor - Error parsing HTTP request header
 Note: further occurrences of HTTP request parsing errors will be logged at DEBUG level.
java.lang.IllegalArgumentException: Invalid character found in the request target [/api/v1/document/preview?filePath=0xe60x8a0x800xe60x9c0xaf0xe60xa10x880xe40xbe0x8b/0xe50x8d0x8e0xe40xb80xba0xe70xa00x940xe50x8f0x91IPD0xe60xb50x810xe70xa80x8b0xe40xbb0x8b0xe70xbb0x8d.docx ]. The valid characters are defined in RFC 7230 and RFC 3986
	at org.apache.coyote.http11.Http11InputBuffer.parseRequestLine(Http11InputBuffer.java:482)
	at org.apache.coyote.http11.Http11Processor.service(Http11Processor.java:264)
	at org.apache.coyote.AbstractProcessorLight.process(AbstractProcessorLight.java:63)
	at org.apache.coyote.AbstractProtocol$ConnectionHandler.process(AbstractProtocol.java:896)
	at org.apache.tomcat.util.net.NioEndpoint$SocketProcessor.doRun(NioEndpoint.java:1744)
	at org.apache.tomcat.util.net.SocketProcessorBase.run(SocketProcessorBase.java:52)
	at org.apache.tomcat.util.threads.ThreadPoolExecutor.runWorker(ThreadPoolExecutor.java:1191)
	at org.apache.tomcat.util.threads.ThreadPoolExecutor$Worker.run(ThreadPoolExecutor.java:659)
	at org.apache.tomcat.util.threads.TaskThread$WrappingRunnable.run(TaskThread.java:61)
	at java.base/java.lang.Thread.run(Thread.java:840)
2025-11-30 15:31:09 [http-nio-8080-exec-6] INFO  c.d.web.controller.IndexController - GET /api/v1/index/json
2025-11-30 15:31:09 [http-nio-8080-exec-6] INFO  c.d.m.s.r.IndexRepositoryImpl - Loading index from file system
2025-11-30 15:31:09 [http-nio-8080-exec-6] INFO  c.d.m.s.r.IndexRepositoryImpl - Loading index from JSON file: ./data/index.json
2025-11-30 15:31:10 [http-nio-8080-exec-7] INFO  c.d.web.controller.IndexController - GET /api/v1/index/json
2025-11-30 15:31:10 [http-nio-8080-exec-7] INFO  c.d.m.s.r.IndexRepositoryImpl - Loading index from file system
2025-11-30 15:31:10 [http-nio-8080-exec-7] INFO  c.d.m.s.r.IndexRepositoryImpl - Loading index from JSON file: ./data/index.json
2025-11-30 15:31:19 [http-nio-8080-exec-9] INFO  c.d.w.controller.DocumentController - GET /api/v1/document/preview - filePath: Hands-on Wireless Sensing with Wi-Fi_A Tutorial(OCR).pdf, startPage: null, endPage: null
2025-11-30 15:31:21 [http-nio-8080-exec-10] INFO  c.d.w.controller.DocumentController - GET /api/v1/document/preview - filePath: nexus-lite-vibe-coding-final.md, startPage: null, endPage: null
2025-11-30 15:31:23 [http-nio-8080-exec-1] INFO  c.d.w.controller.DocumentController - GET /api/v1/document/preview - filePath: ÊäÄÊúØÊ°à‰æã/Âçé‰∏∫Á†îÂèëIPDÊµÅÁ®ã‰ªãÁªç.docx, startPage: null, endPage: null
2025-11-30 15:31:57 [http-nio-8080-exec-2] INFO  c.d.web.controller.IndexController - GET /api/v1/index/json
2025-11-30 15:31:57 [http-nio-8080-exec-2] INFO  c.d.m.s.r.IndexRepositoryImpl - Loading index from file system
2025-11-30 15:31:57 [http-nio-8080-exec-2] INFO  c.d.m.s.r.IndexRepositoryImpl - Loading index from JSON file: ./data/index.json
2025-11-30 15:31:57 [http-nio-8080-exec-3] INFO  c.d.web.controller.IndexController - GET /api/v1/index/json
2025-11-30 15:31:57 [http-nio-8080-exec-3] INFO  c.d.m.s.r.IndexRepositoryImpl - Loading index from file system
2025-11-30 15:31:57 [http-nio-8080-exec-3] INFO  c.d.m.s.r.IndexRepositoryImpl - Loading index from JSON file: ./data/index.json
2025-11-30 15:34:00 [http-nio-8080-exec-4] INFO  c.d.web.controller.SearchController - Advanced search request received with keyword: 'Êñ∞ÁñÜ', limit: 50, using ES: false
2025-11-30 15:34:00 [http-nio-8080-exec-4] INFO  c.d.web.controller.SearchController - Elasticsearch not enabled or unavailable, using local search
2025-11-30 15:34:00 [http-nio-8080-exec-4] INFO  c.d.web.controller.SearchController - Advanced search completed with 0 filtered results (0 original results) for keyword: 'Êñ∞ÁñÜ', using ES: false
[[1;34mINFO[m] [1m------------------------------------------------------------------------[m
[[1;34mINFO[m] [1;31mBUILD FAILURE[m
[[1;34mINFO[m] [1m------------------------------------------------------------------------[m
[[1;34mINFO[m] Total time:  03:00 h
[[1;34mINFO[m] Finished at: 2025-11-30T18:13:05+08:00
[[1;34mINFO[m] [1m------------------------------------------------------------------------[m
[[1;31mERROR[m] Failed to execute goal [32morg.springframework.boot:spring-boot-maven-plugin:3.2.0:run[m [1m(default-cli)[m on project [36mnexus-lite[m: [1;31mProcess terminated with exit code: 137[m -> [1m[Help 1][m
[[1;31mERROR[m] 
[[1;31mERROR[m] To see the full stack trace of the errors, re-run Maven with the [1m-e[m switch.
[[1;31mERROR[m] Re-run Maven using the [1m-X[m switch to enable full debug logging.
[[1;31mERROR[m] 
[[1;31mERROR[m] For more information about the errors and possible solutions, please read the following articles:
[[1;31mERROR[m] [1m[Help 1][m http://cwiki.apache.org/confluence/display/MAVEN/MojoExecutionException
Ê≠£Âú®ÂêØÂä® Spring Boot Â∫îÁî®...
[[1;34mINFO[m] Scanning for projects...
[[1;34mINFO[m] 
[[1;34mINFO[m] [1m-------------------< [0;36mcom.documentpreview:nexus-lite[0;1m >-------------------[m
[[1;34mINFO[m] [1mBuilding nexus-lite 1.0.0-SNAPSHOT[m
[[1;34mINFO[m] [1m--------------------------------[ jar ]---------------------------------[m
[[1;34mINFO[m] 
[[1;34mINFO[m] [1m>>> [0;32mspring-boot-maven-plugin:3.2.0:run[m [1m(default-cli)[0;1m > [0;1mtest-compile[m @ [36mnexus-lite[0;1m >>>[m
[[1;34mINFO[m] 
[[1;34mINFO[m] [1m--- [0;32mmaven-resources-plugin:3.3.1:resources[m [1m(default-resources)[m @ [36mnexus-lite[0;1m ---[m
[[1;34mINFO[m] Copying 1 resource from src/main/resources to target/classes
[[1;34mINFO[m] Copying 2 resources from src/main/resources to target/classes
[[1;34mINFO[m] 
[[1;34mINFO[m] [1m--- [0;32mmaven-compiler-plugin:3.11.0:compile[m [1m(default-compile)[m @ [36mnexus-lite[0;1m ---[m
[[1;34mINFO[m] Changes detected - recompiling the module! :source
[[1;34mINFO[m] Compiling 44 source files with javac [debug release 17] to target/classes
[[1;34mINFO[m] -------------------------------------------------------------
[[1;31mERROR[m] COMPILATION ERROR : 
[[1;34mINFO[m] -------------------------------------------------------------
[[1;31mERROR[m] /root/lite-webviewer/src/main/java/com/documentpreview/modules/search/service/EsSearchServiceImpl.java:[9,53] ';' expected
[[1;34mINFO[m] 1 error
[[1;34mINFO[m] -------------------------------------------------------------
[[1;34mINFO[m] [1m------------------------------------------------------------------------[m
[[1;34mINFO[m] [1;31mBUILD FAILURE[m
[[1;34mINFO[m] [1m------------------------------------------------------------------------[m
[[1;34mINFO[m] Total time:  2.448 s
[[1;34mINFO[m] Finished at: 2025-11-30T20:21:17+08:00
[[1;34mINFO[m] [1m------------------------------------------------------------------------[m
[[1;31mERROR[m] Failed to execute goal [32morg.apache.maven.plugins:maven-compiler-plugin:3.11.0:compile[m [1m(default-compile)[m on project [36mnexus-lite[m: [1;31mCompilation failure[m
[[1;31mERROR[m] [1;31m/root/lite-webviewer/src/main/java/com/documentpreview/modules/search/service/EsSearchServiceImpl.java:[9,53] ';' expected[m
[[1;31mERROR[m] [1;31m[m
[[1;31mERROR[m] -> [1m[Help 1][m
[[1;31mERROR[m] 
[[1;31mERROR[m] To see the full stack trace of the errors, re-run Maven with the [1m-e[m switch.
[[1;31mERROR[m] Re-run Maven using the [1m-X[m switch to enable full debug logging.
[[1;31mERROR[m] 
[[1;31mERROR[m] For more information about the errors and possible solutions, please read the following articles:
[[1;31mERROR[m] [1m[Help 1][m http://cwiki.apache.org/confluence/display/MAVEN/MojoFailureException
Ê≠£Âú®ÂêØÂä® Spring Boot Â∫îÁî®...
[[1;34mINFO[m] Scanning for projects...
[[1;34mINFO[m] 
[[1;34mINFO[m] [1m-------------------< [0;36mcom.documentpreview:nexus-lite[0;1m >-------------------[m
[[1;34mINFO[m] [1mBuilding nexus-lite 1.0.0-SNAPSHOT[m
[[1;34mINFO[m] [1m--------------------------------[ jar ]---------------------------------[m
[[1;34mINFO[m] 
[[1;34mINFO[m] [1m>>> [0;32mspring-boot-maven-plugin:3.2.0:run[m [1m(default-cli)[0;1m > [0;1mtest-compile[m @ [36mnexus-lite[0;1m >>>[m
[[1;34mINFO[m] 
[[1;34mINFO[m] [1m--- [0;32mmaven-resources-plugin:3.3.1:resources[m [1m(default-resources)[m @ [36mnexus-lite[0;1m ---[m
[[1;34mINFO[m] Copying 1 resource from src/main/resources to target/classes
[[1;34mINFO[m] Copying 2 resources from src/main/resources to target/classes
[[1;34mINFO[m] 
[[1;34mINFO[m] [1m--- [0;32mmaven-compiler-plugin:3.11.0:compile[m [1m(default-compile)[m @ [36mnexus-lite[0;1m ---[m
[[1;34mINFO[m] Changes detected - recompiling the module! :source
[[1;34mINFO[m] Compiling 44 source files with javac [debug release 17] to target/classes
[[1;34mINFO[m] -------------------------------------------------------------
[[1;33mWARNING[m] COMPILATION WARNING : 
[[1;34mINFO[m] -------------------------------------------------------------
[[1;33mWARNING[m] unknown enum constant javax.annotation.meta.When.MAYBE
  reason: class file for javax.annotation.meta.When not found
[[1;33mWARNING[m] unknown enum constant javax.annotation.meta.When.MAYBE
  reason: class file for javax.annotation.meta.When not found
[[1;33mWARNING[m] unknown enum constant javax.annotation.meta.When.MAYBE
  reason: class file for javax.annotation.meta.When not found
[[1;33mWARNING[m] unknown enum constant javax.annotation.meta.When.MAYBE
  reason: class file for javax.annotation.meta.When not found
[[1;34mINFO[m] 4 warnings 
[[1;34mINFO[m] -------------------------------------------------------------
[[1;34mINFO[m] -------------------------------------------------------------
[[1;31mERROR[m] COMPILATION ERROR : 
[[1;34mINFO[m] -------------------------------------------------------------
[[1;31mERROR[m] /root/lite-webviewer/src/main/java/com/documentpreview/modules/search/service/EsSearchServiceImpl.java:[9,39] package org.elasticsearch.action.search does not exist
[[1;31mERROR[m] /root/lite-webviewer/src/main/java/com/documentpreview/modules/search/service/EsSearchServiceImpl.java:[10,39] package org.elasticsearch.action.search does not exist
[[1;31mERROR[m] /root/lite-webviewer/src/main/java/com/documentpreview/modules/search/service/EsSearchServiceImpl.java:[11,32] package org.elasticsearch.client does not exist
[[1;31mERROR[m] /root/lite-webviewer/src/main/java/com/documentpreview/modules/search/service/EsSearchServiceImpl.java:[12,32] package org.elasticsearch.client does not exist
[[1;31mERROR[m] /root/lite-webviewer/src/main/java/com/documentpreview/modules/search/service/EsSearchServiceImpl.java:[13,37] package org.elasticsearch.index.query does not exist
[[1;31mERROR[m] /root/lite-webviewer/src/main/java/com/documentpreview/modules/search/service/EsSearchServiceImpl.java:[14,37] package org.elasticsearch.index.query does not exist
[[1;31mERROR[m] /root/lite-webviewer/src/main/java/com/documentpreview/modules/search/service/EsSearchServiceImpl.java:[15,32] package org.elasticsearch.search does not exist
[[1;31mERROR[m] /root/lite-webviewer/src/main/java/com/documentpreview/modules/search/service/EsSearchServiceImpl.java:[16,40] package org.elasticsearch.search.builder does not exist
[[1;31mERROR[m] /root/lite-webviewer/src/main/java/com/documentpreview/modules/search/service/EsSearchServiceImpl.java:[17,57] package org.elasticsearch.search.fetch.subphase.highlight does not exist
[[1;31mERROR[m] /root/lite-webviewer/src/main/java/com/documentpreview/modules/search/service/EsSearchServiceImpl.java:[18,57] package org.elasticsearch.search.fetch.subphase.highlight does not exist
[[1;31mERROR[m] /root/lite-webviewer/src/main/java/com/documentpreview/modules/search/service/EsSearchServiceImpl.java:[19,37] package org.elasticsearch.search.sort does not exist
[[1;31mERROR[m] /root/lite-webviewer/src/main/java/com/documentpreview/modules/search/service/EsSearchServiceImpl.java:[25,51] package org.springframework.data.elasticsearch.core does not exist
[[1;31mERROR[m] /root/lite-webviewer/src/main/java/com/documentpreview/modules/search/service/EsSearchServiceImpl.java:[26,51] package org.springframework.data.elasticsearch.core does not exist
[[1;31mERROR[m] /root/lite-webviewer/src/main/java/com/documentpreview/modules/search/service/EsSearchServiceImpl.java:[27,59] package org.springframework.data.elasticsearch.core.mapping does not exist
[[1;31mERROR[m] /root/lite-webviewer/src/main/java/com/documentpreview/modules/search/es/EsDocumentRepository.java:[3,57] package org.springframework.data.elasticsearch.repository does not exist
[[1;31mERROR[m] /root/lite-webviewer/src/main/java/com/documentpreview/modules/search/es/EsDocumentRepository.java:[13,47] cannot find symbol
  symbol: class ElasticsearchRepository
[[1;31mERROR[m] /root/lite-webviewer/src/main/java/com/documentpreview/modules/search/service/EsSearchServiceImpl.java:[49,13] cannot find symbol
  symbol:   class ElasticsearchOperations
  location: class com.documentpreview.modules.search.service.EsSearchServiceImpl
[[1;31mERROR[m] /root/lite-webviewer/src/main/java/com/documentpreview/modules/search/service/EsSearchServiceImpl.java:[52,13] cannot find symbol
  symbol:   class RestHighLevelClient
  location: class com.documentpreview.modules.search.service.EsSearchServiceImpl
[[1;31mERROR[m] /root/lite-webviewer/src/main/java/com/documentpreview/modules/search/service/EsSearchServiceImpl.java:[309,51] cannot find symbol
  symbol:   class SearchResponse
  location: class com.documentpreview.modules.search.service.EsSearchServiceImpl
[[1;31mERROR[m] /root/lite-webviewer/src/main/java/com/documentpreview/modules/search/service/EsSearchServiceImpl.java:[346,55] cannot find symbol
  symbol:   class SearchResponse
  location: class com.documentpreview.modules.search.service.EsSearchServiceImpl
[[1;31mERROR[m] /root/lite-webviewer/src/main/java/com/documentpreview/modules/search/service/EsSearchServiceImpl.java:[380,70] package org.elasticsearch.search does not exist
[[1;34mINFO[m] 21 errors 
[[1;34mINFO[m] -------------------------------------------------------------
[[1;34mINFO[m] [1m------------------------------------------------------------------------[m
[[1;34mINFO[m] [1;31mBUILD FAILURE[m
[[1;34mINFO[m] [1m------------------------------------------------------------------------[m
[[1;34mINFO[m] Total time:  4.291 s
[[1;34mINFO[m] Finished at: 2025-11-30T20:22:18+08:00
[[1;34mINFO[m] [1m------------------------------------------------------------------------[m
[[1;31mERROR[m] Failed to execute goal [32morg.apache.maven.plugins:maven-compiler-plugin:3.11.0:compile[m [1m(default-compile)[m on project [36mnexus-lite[m: [1;31mCompilation failure[m: Compilation failure: 
[[1;31mERROR[m] /root/lite-webviewer/src/main/java/com/documentpreview/modules/search/service/EsSearchServiceImpl.java:[9,39] package org.elasticsearch.action.search does not exist
[[1;31mERROR[m] /root/lite-webviewer/src/main/java/com/documentpreview/modules/search/service/EsSearchServiceImpl.java:[10,39] package org.elasticsearch.action.search does not exist
[[1;31mERROR[m] /root/lite-webviewer/src/main/java/com/documentpreview/modules/search/service/EsSearchServiceImpl.java:[11,32] package org.elasticsearch.client does not exist
[[1;31mERROR[m] /root/lite-webviewer/src/main/java/com/documentpreview/modules/search/service/EsSearchServiceImpl.java:[12,32] package org.elasticsearch.client does not exist
[[1;31mERROR[m] /root/lite-webviewer/src/main/java/com/documentpreview/modules/search/service/EsSearchServiceImpl.java:[13,37] package org.elasticsearch.index.query does not exist
[[1;31mERROR[m] /root/lite-webviewer/src/main/java/com/documentpreview/modules/search/service/EsSearchServiceImpl.java:[14,37] package org.elasticsearch.index.query does not exist
[[1;31mERROR[m] /root/lite-webviewer/src/main/java/com/documentpreview/modules/search/service/EsSearchServiceImpl.java:[15,32] package org.elasticsearch.search does not exist
[[1;31mERROR[m] /root/lite-webviewer/src/main/java/com/documentpreview/modules/search/service/EsSearchServiceImpl.java:[16,40] package org.elasticsearch.search.builder does not exist
[[1;31mERROR[m] /root/lite-webviewer/src/main/java/com/documentpreview/modules/search/service/EsSearchServiceImpl.java:[17,57] package org.elasticsearch.search.fetch.subphase.highlight does not exist
[[1;31mERROR[m] /root/lite-webviewer/src/main/java/com/documentpreview/modules/search/service/EsSearchServiceImpl.java:[18,57] package org.elasticsearch.search.fetch.subphase.highlight does not exist
[[1;31mERROR[m] /root/lite-webviewer/src/main/java/com/documentpreview/modules/search/service/EsSearchServiceImpl.java:[19,37] package org.elasticsearch.search.sort does not exist
[[1;31mERROR[m] /root/lite-webviewer/src/main/java/com/documentpreview/modules/search/service/EsSearchServiceImpl.java:[25,51] package org.springframework.data.elasticsearch.core does not exist
[[1;31mERROR[m] /root/lite-webviewer/src/main/java/com/documentpreview/modules/search/service/EsSearchServiceImpl.java:[26,51] package org.springframework.data.elasticsearch.core does not exist
[[1;31mERROR[m] /root/lite-webviewer/src/main/java/com/documentpreview/modules/search/service/EsSearchServiceImpl.java:[27,59] package org.springframework.data.elasticsearch.core.mapping does not exist
[[1;31mERROR[m] /root/lite-webviewer/src/main/java/com/documentpreview/modules/search/es/EsDocumentRepository.java:[3,57] package org.springframework.data.elasticsearch.repository does not exist
[[1;31mERROR[m] /root/lite-webviewer/src/main/java/com/documentpreview/modules/search/es/EsDocumentRepository.java:[13,47] cannot find symbol
[[1;31mERROR[m]   symbol: class ElasticsearchRepository
[[1;31mERROR[m] /root/lite-webviewer/src/main/java/com/documentpreview/modules/search/service/EsSearchServiceImpl.java:[49,13] cannot find symbol
[[1;31mERROR[m]   symbol:   class ElasticsearchOperations
[[1;31mERROR[m]   location: class com.documentpreview.modules.search.service.EsSearchServiceImpl
[[1;31mERROR[m] /root/lite-webviewer/src/main/java/com/documentpreview/modules/search/service/EsSearchServiceImpl.java:[52,13] cannot find symbol
[[1;31mERROR[m]   symbol:   class RestHighLevelClient
[[1;31mERROR[m]   location: class com.documentpreview.modules.search.service.EsSearchServiceImpl
[[1;31mERROR[m] /root/lite-webviewer/src/main/java/com/documentpreview/modules/search/service/EsSearchServiceImpl.java:[309,51] cannot find symbol
[[1;31mERROR[m]   symbol:   class SearchResponse
[[1;31mERROR[m]   location: class com.documentpreview.modules.search.service.EsSearchServiceImpl
[[1;31mERROR[m] /root/lite-webviewer/src/main/java/com/documentpreview/modules/search/service/EsSearchServiceImpl.java:[346,55] cannot find symbol
[[1;31mERROR[m]   symbol:   class SearchResponse
[[1;31mERROR[m]   location: class com.documentpreview.modules.search.service.EsSearchServiceImpl
[[1;31mERROR[m] /root/lite-webviewer/src/main/java/com/documentpreview/modules/search/service/EsSearchServiceImpl.java:[380,70] package org.elasticsearch.search does not exist
[[1;31mERROR[m] -> [1m[Help 1][m
[[1;31mERROR[m] 
[[1;31mERROR[m] To see the full stack trace of the errors, re-run Maven with the [1m-e[m switch.
[[1;31mERROR[m] Re-run Maven using the [1m-X[m switch to enable full debug logging.
[[1;31mERROR[m] 
[[1;31mERROR[m] For more information about the errors and possible solutions, please read the following articles:
[[1;31mERROR[m] [1m[Help 1][m http://cwiki.apache.org/confluence/display/MAVEN/MojoFailureException
Ê≠£Âú®ÂêØÂä® Spring Boot Â∫îÁî®...
[[1;34mINFO[m] Scanning for projects...
[[1;34mINFO[m] 
[[1;34mINFO[m] [1m-------------------< [0;36mcom.documentpreview:nexus-lite[0;1m >-------------------[m
[[1;34mINFO[m] [1mBuilding nexus-lite 1.0.0-SNAPSHOT[m
[[1;34mINFO[m] [1m--------------------------------[ jar ]---------------------------------[m
[[1;34mINFO[m] 
[[1;34mINFO[m] [1m>>> [0;32mspring-boot-maven-plugin:3.2.0:run[m [1m(default-cli)[0;1m > [0;1mtest-compile[m @ [36mnexus-lite[0;1m >>>[m
Downloading from central: https://repo.maven.apache.org/maven2/org/elasticsearch/client/elasticsearch-rest-high-level-client/8.14.0/elasticsearch-rest-high-level-client-8.14.0.pom
[[1;33mWARNING[m] The POM for org.elasticsearch.client:elasticsearch-rest-high-level-client:jar:8.14.0 is missing, no dependency information available
Downloading from central: https://repo.maven.apache.org/maven2/org/elasticsearch/client/elasticsearch-rest-high-level-client/8.14.0/elasticsearch-rest-high-level-client-8.14.0.jar
[[1;34mINFO[m] [1m------------------------------------------------------------------------[m
[[1;34mINFO[m] [1;31mBUILD FAILURE[m
[[1;34mINFO[m] [1m------------------------------------------------------------------------[m
[[1;34mINFO[m] Total time:  2.255 s
[[1;34mINFO[m] Finished at: 2025-11-30T20:23:50+08:00
[[1;34mINFO[m] [1m------------------------------------------------------------------------[m
[[1;31mERROR[m] Failed to execute goal on project [36mnexus-lite[m: [1;31mCould not resolve dependencies for project com.documentpreview:nexus-lite:jar:1.0.0-SNAPSHOT: Could not find artifact org.elasticsearch.client:elasticsearch-rest-high-level-client:jar:8.14.0 in central (https://repo.maven.apache.org/maven2)[m -> [1m[Help 1][m
[[1;31mERROR[m] 
[[1;31mERROR[m] To see the full stack trace of the errors, re-run Maven with the [1m-e[m switch.
[[1;31mERROR[m] Re-run Maven using the [1m-X[m switch to enable full debug logging.
[[1;31mERROR[m] 
[[1;31mERROR[m] For more information about the errors and possible solutions, please read the following articles:
[[1;31mERROR[m] [1m[Help 1][m http://cwiki.apache.org/confluence/display/MAVEN/DependencyResolutionException
Ê≠£Âú®ÂêØÂä® Spring Boot Â∫îÁî®...
[[1;34mINFO[m] Scanning for projects...
[[1;34mINFO[m] 
[[1;34mINFO[m] [1m-------------------< [0;36mcom.documentpreview:nexus-lite[0;1m >-------------------[m
[[1;34mINFO[m] [1mBuilding nexus-lite 1.0.0-SNAPSHOT[m
[[1;34mINFO[m] [1m--------------------------------[ jar ]---------------------------------[m
[[1;34mINFO[m] 
[[1;34mINFO[m] [1m>>> [0;32mspring-boot-maven-plugin:3.2.0:run[m [1m(default-cli)[0;1m > [0;1mtest-compile[m @ [36mnexus-lite[0;1m >>>[m
[[1;34mINFO[m] 
[[1;34mINFO[m] [1m--- [0;32mmaven-resources-plugin:3.3.1:resources[m [1m(default-resources)[m @ [36mnexus-lite[0;1m ---[m
[[1;34mINFO[m] Copying 1 resource from src/main/resources to target/classes
[[1;34mINFO[m] Copying 2 resources from src/main/resources to target/classes
[[1;34mINFO[m] 
[[1;34mINFO[m] [1m--- [0;32mmaven-compiler-plugin:3.11.0:compile[m [1m(default-compile)[m @ [36mnexus-lite[0;1m ---[m
[[1;34mINFO[m] Changes detected - recompiling the module! :source
[[1;34mINFO[m] Compiling 44 source files with javac [debug release 17] to target/classes
[[1;34mINFO[m] -------------------------------------------------------------
[[1;31mERROR[m] COMPILATION ERROR : 
[[1;34mINFO[m] -------------------------------------------------------------
[[1;31mERROR[m] /root/lite-webviewer/src/main/java/com/documentpreview/modules/search/service/EsSearchServiceImpl.java:[9,39] package org.elasticsearch.action.search does not exist
[[1;31mERROR[m] /root/lite-webviewer/src/main/java/com/documentpreview/modules/search/service/EsSearchServiceImpl.java:[10,39] package org.elasticsearch.action.search does not exist
[[1;31mERROR[m] /root/lite-webviewer/src/main/java/com/documentpreview/modules/search/service/EsSearchServiceImpl.java:[12,32] cannot find symbol
  symbol:   class RestHighLevelClient
  location: package org.elasticsearch.client
[[1;31mERROR[m] /root/lite-webviewer/src/main/java/com/documentpreview/modules/search/service/EsSearchServiceImpl.java:[13,37] package org.elasticsearch.index.query does not exist
[[1;31mERROR[m] /root/lite-webviewer/src/main/java/com/documentpreview/modules/search/service/EsSearchServiceImpl.java:[14,37] package org.elasticsearch.index.query does not exist
[[1;31mERROR[m] /root/lite-webviewer/src/main/java/com/documentpreview/modules/search/service/EsSearchServiceImpl.java:[15,32] package org.elasticsearch.search does not exist
[[1;31mERROR[m] /root/lite-webviewer/src/main/java/com/documentpreview/modules/search/service/EsSearchServiceImpl.java:[16,40] package org.elasticsearch.search.builder does not exist
[[1;31mERROR[m] /root/lite-webviewer/src/main/java/com/documentpreview/modules/search/service/EsSearchServiceImpl.java:[17,57] package org.elasticsearch.search.fetch.subphase.highlight does not exist
[[1;31mERROR[m] /root/lite-webviewer/src/main/java/com/documentpreview/modules/search/service/EsSearchServiceImpl.java:[18,57] package org.elasticsearch.search.fetch.subphase.highlight does not exist
[[1;31mERROR[m] /root/lite-webviewer/src/main/java/com/documentpreview/modules/search/service/EsSearchServiceImpl.java:[19,37] package org.elasticsearch.search.sort does not exist
[[1;31mERROR[m] /root/lite-webviewer/src/main/java/com/documentpreview/modules/search/service/EsSearchServiceImpl.java:[52,13] cannot find symbol
  symbol:   class RestHighLevelClient
  location: class com.documentpreview.modules.search.service.EsSearchServiceImpl
[[1;31mERROR[m] /root/lite-webviewer/src/main/java/com/documentpreview/modules/search/service/EsSearchServiceImpl.java:[309,51] cannot find symbol
  symbol:   class SearchResponse
  location: class com.documentpreview.modules.search.service.EsSearchServiceImpl
[[1;31mERROR[m] /root/lite-webviewer/src/main/java/com/documentpreview/modules/search/service/EsSearchServiceImpl.java:[346,55] cannot find symbol
  symbol:   class SearchResponse
  location: class com.documentpreview.modules.search.service.EsSearchServiceImpl
[[1;31mERROR[m] /root/lite-webviewer/src/main/java/com/documentpreview/modules/search/service/EsSearchServiceImpl.java:[380,70] package org.elasticsearch.search does not exist
[[1;34mINFO[m] 14 errors 
[[1;34mINFO[m] -------------------------------------------------------------
[[1;34mINFO[m] [1m------------------------------------------------------------------------[m
[[1;34mINFO[m] [1;31mBUILD FAILURE[m
[[1;34mINFO[m] [1m------------------------------------------------------------------------[m
[[1;34mINFO[m] Total time:  3.988 s
[[1;34mINFO[m] Finished at: 2025-11-30T20:24:43+08:00
[[1;34mINFO[m] [1m------------------------------------------------------------------------[m
[[1;31mERROR[m] Failed to execute goal [32morg.apache.maven.plugins:maven-compiler-plugin:3.11.0:compile[m [1m(default-compile)[m on project [36mnexus-lite[m: [1;31mCompilation failure[m: Compilation failure: 
[[1;31mERROR[m] /root/lite-webviewer/src/main/java/com/documentpreview/modules/search/service/EsSearchServiceImpl.java:[9,39] package org.elasticsearch.action.search does not exist
[[1;31mERROR[m] /root/lite-webviewer/src/main/java/com/documentpreview/modules/search/service/EsSearchServiceImpl.java:[10,39] package org.elasticsearch.action.search does not exist
[[1;31mERROR[m] /root/lite-webviewer/src/main/java/com/documentpreview/modules/search/service/EsSearchServiceImpl.java:[12,32] cannot find symbol
[[1;31mERROR[m]   symbol:   class RestHighLevelClient
[[1;31mERROR[m]   location: package org.elasticsearch.client
[[1;31mERROR[m] /root/lite-webviewer/src/main/java/com/documentpreview/modules/search/service/EsSearchServiceImpl.java:[13,37] package org.elasticsearch.index.query does not exist
[[1;31mERROR[m] /root/lite-webviewer/src/main/java/com/documentpreview/modules/search/service/EsSearchServiceImpl.java:[14,37] package org.elasticsearch.index.query does not exist
[[1;31mERROR[m] /root/lite-webviewer/src/main/java/com/documentpreview/modules/search/service/EsSearchServiceImpl.java:[15,32] package org.elasticsearch.search does not exist
[[1;31mERROR[m] /root/lite-webviewer/src/main/java/com/documentpreview/modules/search/service/EsSearchServiceImpl.java:[16,40] package org.elasticsearch.search.builder does not exist
[[1;31mERROR[m] /root/lite-webviewer/src/main/java/com/documentpreview/modules/search/service/EsSearchServiceImpl.java:[17,57] package org.elasticsearch.search.fetch.subphase.highlight does not exist
[[1;31mERROR[m] /root/lite-webviewer/src/main/java/com/documentpreview/modules/search/service/EsSearchServiceImpl.java:[18,57] package org.elasticsearch.search.fetch.subphase.highlight does not exist
[[1;31mERROR[m] /root/lite-webviewer/src/main/java/com/documentpreview/modules/search/service/EsSearchServiceImpl.java:[19,37] package org.elasticsearch.search.sort does not exist
[[1;31mERROR[m] /root/lite-webviewer/src/main/java/com/documentpreview/modules/search/service/EsSearchServiceImpl.java:[52,13] cannot find symbol
[[1;31mERROR[m]   symbol:   class RestHighLevelClient
[[1;31mERROR[m]   location: class com.documentpreview.modules.search.service.EsSearchServiceImpl
[[1;31mERROR[m] /root/lite-webviewer/src/main/java/com/documentpreview/modules/search/service/EsSearchServiceImpl.java:[309,51] cannot find symbol
[[1;31mERROR[m]   symbol:   class SearchResponse
[[1;31mERROR[m]   location: class com.documentpreview.modules.search.service.EsSearchServiceImpl
[[1;31mERROR[m] /root/lite-webviewer/src/main/java/com/documentpreview/modules/search/service/EsSearchServiceImpl.java:[346,55] cannot find symbol
[[1;31mERROR[m]   symbol:   class SearchResponse
[[1;31mERROR[m]   location: class com.documentpreview.modules.search.service.EsSearchServiceImpl
[[1;31mERROR[m] /root/lite-webviewer/src/main/java/com/documentpreview/modules/search/service/EsSearchServiceImpl.java:[380,70] package org.elasticsearch.search does not exist
[[1;31mERROR[m] -> [1m[Help 1][m
[[1;31mERROR[m] 
[[1;31mERROR[m] To see the full stack trace of the errors, re-run Maven with the [1m-e[m switch.
[[1;31mERROR[m] Re-run Maven using the [1m-X[m switch to enable full debug logging.
[[1;31mERROR[m] 
[[1;31mERROR[m] For more information about the errors and possible solutions, please read the following articles:
[[1;31mERROR[m] [1m[Help 1][m http://cwiki.apache.org/confluence/display/MAVEN/MojoFailureException
Ê≠£Âú®ÂêØÂä® Spring Boot Â∫îÁî®...
[[1;34mINFO[m] Scanning for projects...
[[1;31mERROR[m] [ERROR] Some problems were encountered while processing the POMs:
[ERROR] 'dependencies.dependency.version' for org.elasticsearch:elasticsearch:jar is missing. @ line 127, column 21
 @ 
[[1;31mERROR[m] The build could not read 1 project -> [1m[Help 1][m
[[1;31mERROR[m]   
[[1;31mERROR[m]   The project com.documentpreview:nexus-lite:1.0.0-SNAPSHOT (/root/lite-webviewer/pom.xml) has 1 error
[[1;31mERROR[m]     'dependencies.dependency.version' for org.elasticsearch:elasticsearch:jar is missing. @ line 127, column 21
[[1;31mERROR[m] 
[[1;31mERROR[m] To see the full stack trace of the errors, re-run Maven with the [1m-e[m switch.
[[1;31mERROR[m] Re-run Maven using the [1m-X[m switch to enable full debug logging.
[[1;31mERROR[m] 
[[1;31mERROR[m] For more information about the errors and possible solutions, please read the following articles:
[[1;31mERROR[m] [1m[Help 1][m http://cwiki.apache.org/confluence/display/MAVEN/ProjectBuildingException
Ê≠£Âú®ÂêØÂä® Spring Boot Â∫îÁî®...
[[1;34mINFO[m] Scanning for projects...
[[1;34mINFO[m] 
[[1;34mINFO[m] [1m-------------------< [0;36mcom.documentpreview:nexus-lite[0;1m >-------------------[m
[[1;34mINFO[m] [1mBuilding nexus-lite 1.0.0-SNAPSHOT[m
[[1;34mINFO[m] [1m--------------------------------[ jar ]---------------------------------[m
[[1;34mINFO[m] 
[[1;34mINFO[m] [1m>>> [0;32mspring-boot-maven-plugin:3.2.0:run[m [1m(default-cli)[0;1m > [0;1mtest-compile[m @ [36mnexus-lite[0;1m >>>[m
[[1;34mINFO[m] 
[[1;34mINFO[m] [1m--- [0;32mmaven-resources-plugin:3.3.1:resources[m [1m(default-resources)[m @ [36mnexus-lite[0;1m ---[m
[[1;34mINFO[m] Copying 1 resource from src/main/resources to target/classes
[[1;34mINFO[m] Copying 2 resources from src/main/resources to target/classes
[[1;34mINFO[m] 
[[1;34mINFO[m] [1m--- [0;32mmaven-compiler-plugin:3.11.0:compile[m [1m(default-compile)[m @ [36mnexus-lite[0;1m ---[m
[[1;34mINFO[m] Changes detected - recompiling the module! :source
[[1;34mINFO[m] Compiling 44 source files with javac [debug release 17] to target/classes
[[1;34mINFO[m] -------------------------------------------------------------
[[1;31mERROR[m] COMPILATION ERROR : 
[[1;34mINFO[m] -------------------------------------------------------------
[[1;31mERROR[m] /root/lite-webviewer/src/main/java/com/documentpreview/modules/search/service/EsSearchServiceImpl.java:[9,39] package org.elasticsearch.action.search does not exist
[[1;31mERROR[m] /root/lite-webviewer/src/main/java/com/documentpreview/modules/search/service/EsSearchServiceImpl.java:[10,39] package org.elasticsearch.action.search does not exist
[[1;31mERROR[m] /root/lite-webviewer/src/main/java/com/documentpreview/modules/search/service/EsSearchServiceImpl.java:[12,32] cannot find symbol
  symbol:   class RestHighLevelClient
  location: package org.elasticsearch.client
[[1;31mERROR[m] /root/lite-webviewer/src/main/java/com/documentpreview/modules/search/service/EsSearchServiceImpl.java:[13,37] package org.elasticsearch.index.query does not exist
[[1;31mERROR[m] /root/lite-webviewer/src/main/java/com/documentpreview/modules/search/service/EsSearchServiceImpl.java:[14,37] package org.elasticsearch.index.query does not exist
[[1;31mERROR[m] /root/lite-webviewer/src/main/java/com/documentpreview/modules/search/service/EsSearchServiceImpl.java:[15,32] package org.elasticsearch.search does not exist
[[1;31mERROR[m] /root/lite-webviewer/src/main/java/com/documentpreview/modules/search/service/EsSearchServiceImpl.java:[16,40] package org.elasticsearch.search.builder does not exist
[[1;31mERROR[m] /root/lite-webviewer/src/main/java/com/documentpreview/modules/search/service/EsSearchServiceImpl.java:[17,57] package org.elasticsearch.search.fetch.subphase.highlight does not exist
[[1;31mERROR[m] /root/lite-webviewer/src/main/java/com/documentpreview/modules/search/service/EsSearchServiceImpl.java:[18,57] package org.elasticsearch.search.fetch.subphase.highlight does not exist
[[1;31mERROR[m] /root/lite-webviewer/src/main/java/com/documentpreview/modules/search/service/EsSearchServiceImpl.java:[19,37] package org.elasticsearch.search.sort does not exist
[[1;31mERROR[m] /root/lite-webviewer/src/main/java/com/documentpreview/modules/search/service/EsSearchServiceImpl.java:[52,13] cannot find symbol
  symbol:   class RestHighLevelClient
  location: class com.documentpreview.modules.search.service.EsSearchServiceImpl
[[1;31mERROR[m] /root/lite-webviewer/src/main/java/com/documentpreview/modules/search/service/EsSearchServiceImpl.java:[309,51] cannot find symbol
  symbol:   class SearchResponse
  location: class com.documentpreview.modules.search.service.EsSearchServiceImpl
[[1;31mERROR[m] /root/lite-webviewer/src/main/java/com/documentpreview/modules/search/service/EsSearchServiceImpl.java:[346,55] cannot find symbol
  symbol:   class SearchResponse
  location: class com.documentpreview.modules.search.service.EsSearchServiceImpl
[[1;31mERROR[m] /root/lite-webviewer/src/main/java/com/documentpreview/modules/search/service/EsSearchServiceImpl.java:[380,70] package org.elasticsearch.search does not exist
[[1;34mINFO[m] 14 errors 
[[1;34mINFO[m] -------------------------------------------------------------
[[1;34mINFO[m] [1m------------------------------------------------------------------------[m
[[1;34mINFO[m] [1;31mBUILD FAILURE[m
[[1;34mINFO[m] [1m------------------------------------------------------------------------[m
[[1;34mINFO[m] Total time:  4.281 s
[[1;34mINFO[m] Finished at: 2025-11-30T20:26:58+08:00
[[1;34mINFO[m] [1m------------------------------------------------------------------------[m
[[1;31mERROR[m] Failed to execute goal [32morg.apache.maven.plugins:maven-compiler-plugin:3.11.0:compile[m [1m(default-compile)[m on project [36mnexus-lite[m: [1;31mCompilation failure[m: Compilation failure: 
[[1;31mERROR[m] /root/lite-webviewer/src/main/java/com/documentpreview/modules/search/service/EsSearchServiceImpl.java:[9,39] package org.elasticsearch.action.search does not exist
[[1;31mERROR[m] /root/lite-webviewer/src/main/java/com/documentpreview/modules/search/service/EsSearchServiceImpl.java:[10,39] package org.elasticsearch.action.search does not exist
[[1;31mERROR[m] /root/lite-webviewer/src/main/java/com/documentpreview/modules/search/service/EsSearchServiceImpl.java:[12,32] cannot find symbol
[[1;31mERROR[m]   symbol:   class RestHighLevelClient
[[1;31mERROR[m]   location: package org.elasticsearch.client
[[1;31mERROR[m] /root/lite-webviewer/src/main/java/com/documentpreview/modules/search/service/EsSearchServiceImpl.java:[13,37] package org.elasticsearch.index.query does not exist
[[1;31mERROR[m] /root/lite-webviewer/src/main/java/com/documentpreview/modules/search/service/EsSearchServiceImpl.java:[14,37] package org.elasticsearch.index.query does not exist
[[1;31mERROR[m] /root/lite-webviewer/src/main/java/com/documentpreview/modules/search/service/EsSearchServiceImpl.java:[15,32] package org.elasticsearch.search does not exist
[[1;31mERROR[m] /root/lite-webviewer/src/main/java/com/documentpreview/modules/search/service/EsSearchServiceImpl.java:[16,40] package org.elasticsearch.search.builder does not exist
[[1;31mERROR[m] /root/lite-webviewer/src/main/java/com/documentpreview/modules/search/service/EsSearchServiceImpl.java:[17,57] package org.elasticsearch.search.fetch.subphase.highlight does not exist
[[1;31mERROR[m] /root/lite-webviewer/src/main/java/com/documentpreview/modules/search/service/EsSearchServiceImpl.java:[18,57] package org.elasticsearch.search.fetch.subphase.highlight does not exist
[[1;31mERROR[m] /root/lite-webviewer/src/main/java/com/documentpreview/modules/search/service/EsSearchServiceImpl.java:[19,37] package org.elasticsearch.search.sort does not exist
[[1;31mERROR[m] /root/lite-webviewer/src/main/java/com/documentpreview/modules/search/service/EsSearchServiceImpl.java:[52,13] cannot find symbol
[[1;31mERROR[m]   symbol:   class RestHighLevelClient
[[1;31mERROR[m]   location: class com.documentpreview.modules.search.service.EsSearchServiceImpl
[[1;31mERROR[m] /root/lite-webviewer/src/main/java/com/documentpreview/modules/search/service/EsSearchServiceImpl.java:[309,51] cannot find symbol
[[1;31mERROR[m]   symbol:   class SearchResponse
[[1;31mERROR[m]   location: class com.documentpreview.modules.search.service.EsSearchServiceImpl
[[1;31mERROR[m] /root/lite-webviewer/src/main/java/com/documentpreview/modules/search/service/EsSearchServiceImpl.java:[346,55] cannot find symbol
[[1;31mERROR[m]   symbol:   class SearchResponse
[[1;31mERROR[m]   location: class com.documentpreview.modules.search.service.EsSearchServiceImpl
[[1;31mERROR[m] /root/lite-webviewer/src/main/java/com/documentpreview/modules/search/service/EsSearchServiceImpl.java:[380,70] package org.elasticsearch.search does not exist
[[1;31mERROR[m] -> [1m[Help 1][m
[[1;31mERROR[m] 
[[1;31mERROR[m] To see the full stack trace of the errors, re-run Maven with the [1m-e[m switch.
[[1;31mERROR[m] Re-run Maven using the [1m-X[m switch to enable full debug logging.
[[1;31mERROR[m] 
[[1;31mERROR[m] For more information about the errors and possible solutions, please read the following articles:
[[1;31mERROR[m] [1m[Help 1][m http://cwiki.apache.org/confluence/display/MAVEN/MojoFailureException
Ê≠£Âú®ÂêØÂä® Spring Boot Â∫îÁî®...
[[1;34mINFO[m] Scanning for projects...
[[1;34mINFO[m] 
[[1;34mINFO[m] [1m-------------------< [0;36mcom.documentpreview:nexus-lite[0;1m >-------------------[m
[[1;34mINFO[m] [1mBuilding nexus-lite 1.0.0-SNAPSHOT[m
[[1;34mINFO[m] [1m--------------------------------[ jar ]---------------------------------[m
[[1;34mINFO[m] 
[[1;34mINFO[m] [1m>>> [0;32mspring-boot-maven-plugin:3.2.0:run[m [1m(default-cli)[0;1m > [0;1mtest-compile[m @ [36mnexus-lite[0;1m >>>[m
[[1;34mINFO[m] 
[[1;34mINFO[m] [1m--- [0;32mmaven-resources-plugin:3.3.1:resources[m [1m(default-resources)[m @ [36mnexus-lite[0;1m ---[m
[[1;34mINFO[m] Copying 1 resource from src/main/resources to target/classes
[[1;34mINFO[m] Copying 2 resources from src/main/resources to target/classes
[[1;34mINFO[m] 
[[1;34mINFO[m] [1m--- [0;32mmaven-compiler-plugin:3.11.0:compile[m [1m(default-compile)[m @ [36mnexus-lite[0;1m ---[m
[[1;34mINFO[m] Changes detected - recompiling the module! :source
[[1;34mINFO[m] Compiling 44 source files with javac [debug release 17] to target/classes
[[1;34mINFO[m] -------------------------------------------------------------
[[1;31mERROR[m] COMPILATION ERROR : 
[[1;34mINFO[m] -------------------------------------------------------------
[[1;31mERROR[m] /root/lite-webviewer/src/main/java/com/documentpreview/modules/search/service/EsSearchServiceImpl.java:[9,39] package org.elasticsearch.action.search does not exist
[[1;31mERROR[m] /root/lite-webviewer/src/main/java/com/documentpreview/modules/search/service/EsSearchServiceImpl.java:[10,39] package org.elasticsearch.action.search does not exist
[[1;31mERROR[m] /root/lite-webviewer/src/main/java/com/documentpreview/modules/search/service/EsSearchServiceImpl.java:[12,32] cannot find symbol
  symbol:   class RestHighLevelClient
  location: package org.elasticsearch.client
[[1;31mERROR[m] /root/lite-webviewer/src/main/java/com/documentpreview/modules/search/service/EsSearchServiceImpl.java:[13,37] package org.elasticsearch.index.query does not exist
[[1;31mERROR[m] /root/lite-webviewer/src/main/java/com/documentpreview/modules/search/service/EsSearchServiceImpl.java:[14,37] package org.elasticsearch.index.query does not exist
[[1;31mERROR[m] /root/lite-webviewer/src/main/java/com/documentpreview/modules/search/service/EsSearchServiceImpl.java:[15,32] package org.elasticsearch.search does not exist
[[1;31mERROR[m] /root/lite-webviewer/src/main/java/com/documentpreview/modules/search/service/EsSearchServiceImpl.java:[16,40] package org.elasticsearch.search.builder does not exist
[[1;31mERROR[m] /root/lite-webviewer/src/main/java/com/documentpreview/modules/search/service/EsSearchServiceImpl.java:[17,57] package org.elasticsearch.search.fetch.subphase.highlight does not exist
[[1;31mERROR[m] /root/lite-webviewer/src/main/java/com/documentpreview/modules/search/service/EsSearchServiceImpl.java:[18,57] package org.elasticsearch.search.fetch.subphase.highlight does not exist
[[1;31mERROR[m] /root/lite-webviewer/src/main/java/com/documentpreview/modules/search/service/EsSearchServiceImpl.java:[19,37] package org.elasticsearch.search.sort does not exist
[[1;31mERROR[m] /root/lite-webviewer/src/main/java/com/documentpreview/modules/search/service/EsSearchServiceImpl.java:[52,13] cannot find symbol
  symbol:   class RestHighLevelClient
  location: class com.documentpreview.modules.search.service.EsSearchServiceImpl
[[1;31mERROR[m] /root/lite-webviewer/src/main/java/com/documentpreview/modules/search/service/EsSearchServiceImpl.java:[309,51] cannot find symbol
  symbol:   class SearchResponse
  location: class com.documentpreview.modules.search.service.EsSearchServiceImpl
[[1;31mERROR[m] /root/lite-webviewer/src/main/java/com/documentpreview/modules/search/service/EsSearchServiceImpl.java:[346,55] cannot find symbol
  symbol:   class SearchResponse
  location: class com.documentpreview.modules.search.service.EsSearchServiceImpl
[[1;31mERROR[m] /root/lite-webviewer/src/main/java/com/documentpreview/modules/search/service/EsSearchServiceImpl.java:[380,70] package org.elasticsearch.search does not exist
[[1;34mINFO[m] 14 errors 
[[1;34mINFO[m] -------------------------------------------------------------
[[1;34mINFO[m] [1m------------------------------------------------------------------------[m
[[1;34mINFO[m] [1;31mBUILD FAILURE[m
[[1;34mINFO[m] [1m------------------------------------------------------------------------[m
[[1;34mINFO[m] Total time:  4.101 s
[[1;34mINFO[m] Finished at: 2025-11-30T20:28:55+08:00
[[1;34mINFO[m] [1m------------------------------------------------------------------------[m
[[1;31mERROR[m] Failed to execute goal [32morg.apache.maven.plugins:maven-compiler-plugin:3.11.0:compile[m [1m(default-compile)[m on project [36mnexus-lite[m: [1;31mCompilation failure[m: Compilation failure: 
[[1;31mERROR[m] /root/lite-webviewer/src/main/java/com/documentpreview/modules/search/service/EsSearchServiceImpl.java:[9,39] package org.elasticsearch.action.search does not exist
[[1;31mERROR[m] /root/lite-webviewer/src/main/java/com/documentpreview/modules/search/service/EsSearchServiceImpl.java:[10,39] package org.elasticsearch.action.search does not exist
[[1;31mERROR[m] /root/lite-webviewer/src/main/java/com/documentpreview/modules/search/service/EsSearchServiceImpl.java:[12,32] cannot find symbol
[[1;31mERROR[m]   symbol:   class RestHighLevelClient
[[1;31mERROR[m]   location: package org.elasticsearch.client
[[1;31mERROR[m] /root/lite-webviewer/src/main/java/com/documentpreview/modules/search/service/EsSearchServiceImpl.java:[13,37] package org.elasticsearch.index.query does not exist
[[1;31mERROR[m] /root/lite-webviewer/src/main/java/com/documentpreview/modules/search/service/EsSearchServiceImpl.java:[14,37] package org.elasticsearch.index.query does not exist
[[1;31mERROR[m] /root/lite-webviewer/src/main/java/com/documentpreview/modules/search/service/EsSearchServiceImpl.java:[15,32] package org.elasticsearch.search does not exist
[[1;31mERROR[m] /root/lite-webviewer/src/main/java/com/documentpreview/modules/search/service/EsSearchServiceImpl.java:[16,40] package org.elasticsearch.search.builder does not exist
[[1;31mERROR[m] /root/lite-webviewer/src/main/java/com/documentpreview/modules/search/service/EsSearchServiceImpl.java:[17,57] package org.elasticsearch.search.fetch.subphase.highlight does not exist
[[1;31mERROR[m] /root/lite-webviewer/src/main/java/com/documentpreview/modules/search/service/EsSearchServiceImpl.java:[18,57] package org.elasticsearch.search.fetch.subphase.highlight does not exist
[[1;31mERROR[m] /root/lite-webviewer/src/main/java/com/documentpreview/modules/search/service/EsSearchServiceImpl.java:[19,37] package org.elasticsearch.search.sort does not exist
[[1;31mERROR[m] /root/lite-webviewer/src/main/java/com/documentpreview/modules/search/service/EsSearchServiceImpl.java:[52,13] cannot find symbol
[[1;31mERROR[m]   symbol:   class RestHighLevelClient
[[1;31mERROR[m]   location: class com.documentpreview.modules.search.service.EsSearchServiceImpl
[[1;31mERROR[m] /root/lite-webviewer/src/main/java/com/documentpreview/modules/search/service/EsSearchServiceImpl.java:[309,51] cannot find symbol
[[1;31mERROR[m]   symbol:   class SearchResponse
[[1;31mERROR[m]   location: class com.documentpreview.modules.search.service.EsSearchServiceImpl
[[1;31mERROR[m] /root/lite-webviewer/src/main/java/com/documentpreview/modules/search/service/EsSearchServiceImpl.java:[346,55] cannot find symbol
[[1;31mERROR[m]   symbol:   class SearchResponse
[[1;31mERROR[m]   location: class com.documentpreview.modules.search.service.EsSearchServiceImpl
[[1;31mERROR[m] /root/lite-webviewer/src/main/java/com/documentpreview/modules/search/service/EsSearchServiceImpl.java:[380,70] package org.elasticsearch.search does not exist
[[1;31mERROR[m] -> [1m[Help 1][m
[[1;31mERROR[m] 
[[1;31mERROR[m] To see the full stack trace of the errors, re-run Maven with the [1m-e[m switch.
[[1;31mERROR[m] Re-run Maven using the [1m-X[m switch to enable full debug logging.
[[1;31mERROR[m] 
[[1;31mERROR[m] For more information about the errors and possible solutions, please read the following articles:
[[1;31mERROR[m] [1m[Help 1][m http://cwiki.apache.org/confluence/display/MAVEN/MojoFailureException
Ê≠£Âú®ÂêØÂä® Spring Boot Â∫îÁî®...
[[1;34mINFO[m] Scanning for projects...
[[1;34mINFO[m] 
[[1;34mINFO[m] [1m-------------------< [0;36mcom.documentpreview:nexus-lite[0;1m >-------------------[m
[[1;34mINFO[m] [1mBuilding nexus-lite 1.0.0-SNAPSHOT[m
[[1;34mINFO[m] [1m--------------------------------[ jar ]---------------------------------[m
[[1;34mINFO[m] 
[[1;34mINFO[m] [1m>>> [0;32mspring-boot-maven-plugin:3.2.0:run[m [1m(default-cli)[0;1m > [0;1mtest-compile[m @ [36mnexus-lite[0;1m >>>[m
[[1;34mINFO[m] 
[[1;34mINFO[m] [1m--- [0;32mmaven-resources-plugin:3.3.1:resources[m [1m(default-resources)[m @ [36mnexus-lite[0;1m ---[m
[[1;34mINFO[m] Copying 1 resource from src/main/resources to target/classes
[[1;34mINFO[m] Copying 2 resources from src/main/resources to target/classes
[[1;34mINFO[m] 
[[1;34mINFO[m] [1m--- [0;32mmaven-compiler-plugin:3.11.0:compile[m [1m(default-compile)[m @ [36mnexus-lite[0;1m ---[m
[[1;34mINFO[m] Changes detected - recompiling the module! :source
[[1;34mINFO[m] Compiling 46 source files with javac [debug release 17] to target/classes
[[1;34mINFO[m] -------------------------------------------------------------
[[1;31mERROR[m] COMPILATION ERROR : 
[[1;34mINFO[m] -------------------------------------------------------------
[[1;31mERROR[m] /root/lite-webviewer/src/main/java/com/documentpreview/modules/search/service/EsSearchServiceImpl.java:[10,39] package org.elasticsearch.action.search does not exist
[[1;31mERROR[m] /root/lite-webviewer/src/main/java/com/documentpreview/modules/search/service/EsSearchServiceImpl.java:[11,39] package org.elasticsearch.action.search does not exist
[[1;31mERROR[m] /root/lite-webviewer/src/main/java/com/documentpreview/modules/search/service/EsSearchServiceImpl.java:[13,32] cannot find symbol
  symbol:   class RestHighLevelClient
  location: package org.elasticsearch.client
[[1;31mERROR[m] /root/lite-webviewer/src/main/java/com/documentpreview/modules/search/service/EsSearchServiceImpl.java:[14,37] package org.elasticsearch.index.query does not exist
[[1;31mERROR[m] /root/lite-webviewer/src/main/java/com/documentpreview/modules/search/service/EsSearchServiceImpl.java:[15,37] package org.elasticsearch.index.query does not exist
[[1;31mERROR[m] /root/lite-webviewer/src/main/java/com/documentpreview/modules/search/service/EsSearchServiceImpl.java:[16,32] package org.elasticsearch.search does not exist
[[1;31mERROR[m] /root/lite-webviewer/src/main/java/com/documentpreview/modules/search/service/EsSearchServiceImpl.java:[17,40] package org.elasticsearch.search.builder does not exist
[[1;31mERROR[m] /root/lite-webviewer/src/main/java/com/documentpreview/modules/search/service/EsSearchServiceImpl.java:[18,57] package org.elasticsearch.search.fetch.subphase.highlight does not exist
[[1;31mERROR[m] /root/lite-webviewer/src/main/java/com/documentpreview/modules/search/service/EsSearchServiceImpl.java:[19,57] package org.elasticsearch.search.fetch.subphase.highlight does not exist
[[1;31mERROR[m] /root/lite-webviewer/src/main/java/com/documentpreview/modules/search/service/EsSearchServiceImpl.java:[20,37] package org.elasticsearch.search.sort does not exist
[[1;31mERROR[m] /root/lite-webviewer/src/main/java/com/documentpreview/modules/search/service/EsSearchServiceImpl.java:[21,37] package org.elasticsearch.search.sort does not exist
[[1;31mERROR[m] /root/lite-webviewer/src/main/java/com/documentpreview/modules/search/service/EsSearchServiceImpl.java:[55,13] cannot find symbol
  symbol:   class RestHighLevelClient
  location: class com.documentpreview.modules.search.service.EsSearchServiceImpl
[[1;31mERROR[m] /root/lite-webviewer/src/main/java/com/documentpreview/modules/search/service/EsSearchServiceImpl.java:[312,51] cannot find symbol
  symbol:   class SearchResponse
  location: class com.documentpreview.modules.search.service.EsSearchServiceImpl
[[1;31mERROR[m] /root/lite-webviewer/src/main/java/com/documentpreview/modules/search/service/EsSearchServiceImpl.java:[349,55] cannot find symbol
  symbol:   class SearchResponse
  location: class com.documentpreview.modules.search.service.EsSearchServiceImpl
[[1;31mERROR[m] /root/lite-webviewer/src/main/java/com/documentpreview/modules/search/service/EsSearchServiceImpl.java:[383,70] package org.elasticsearch.search does not exist
[[1;34mINFO[m] 15 errors 
[[1;34mINFO[m] -------------------------------------------------------------
[[1;34mINFO[m] [1m------------------------------------------------------------------------[m
[[1;34mINFO[m] [1;31mBUILD FAILURE[m
[[1;34mINFO[m] [1m------------------------------------------------------------------------[m
[[1;34mINFO[m] Total time:  2.377 s
[[1;34mINFO[m] Finished at: 2025-11-30T20:42:01+08:00
[[1;34mINFO[m] [1m------------------------------------------------------------------------[m
[[1;31mERROR[m] Failed to execute goal [32morg.apache.maven.plugins:maven-compiler-plugin:3.11.0:compile[m [1m(default-compile)[m on project [36mnexus-lite[m: [1;31mCompilation failure[m: Compilation failure: 
[[1;31mERROR[m] /root/lite-webviewer/src/main/java/com/documentpreview/modules/search/service/EsSearchServiceImpl.java:[10,39] package org.elasticsearch.action.search does not exist
[[1;31mERROR[m] /root/lite-webviewer/src/main/java/com/documentpreview/modules/search/service/EsSearchServiceImpl.java:[11,39] package org.elasticsearch.action.search does not exist
[[1;31mERROR[m] /root/lite-webviewer/src/main/java/com/documentpreview/modules/search/service/EsSearchServiceImpl.java:[13,32] cannot find symbol
[[1;31mERROR[m]   symbol:   class RestHighLevelClient
[[1;31mERROR[m]   location: package org.elasticsearch.client
[[1;31mERROR[m] /root/lite-webviewer/src/main/java/com/documentpreview/modules/search/service/EsSearchServiceImpl.java:[14,37] package org.elasticsearch.index.query does not exist
[[1;31mERROR[m] /root/lite-webviewer/src/main/java/com/documentpreview/modules/search/service/EsSearchServiceImpl.java:[15,37] package org.elasticsearch.index.query does not exist
[[1;31mERROR[m] /root/lite-webviewer/src/main/java/com/documentpreview/modules/search/service/EsSearchServiceImpl.java:[16,32] package org.elasticsearch.search does not exist
[[1;31mERROR[m] /root/lite-webviewer/src/main/java/com/documentpreview/modules/search/service/EsSearchServiceImpl.java:[17,40] package org.elasticsearch.search.builder does not exist
[[1;31mERROR[m] /root/lite-webviewer/src/main/java/com/documentpreview/modules/search/service/EsSearchServiceImpl.java:[18,57] package org.elasticsearch.search.fetch.subphase.highlight does not exist
[[1;31mERROR[m] /root/lite-webviewer/src/main/java/com/documentpreview/modules/search/service/EsSearchServiceImpl.java:[19,57] package org.elasticsearch.search.fetch.subphase.highlight does not exist
[[1;31mERROR[m] /root/lite-webviewer/src/main/java/com/documentpreview/modules/search/service/EsSearchServiceImpl.java:[20,37] package org.elasticsearch.search.sort does not exist
[[1;31mERROR[m] /root/lite-webviewer/src/main/java/com/documentpreview/modules/search/service/EsSearchServiceImpl.java:[21,37] package org.elasticsearch.search.sort does not exist
[[1;31mERROR[m] /root/lite-webviewer/src/main/java/com/documentpreview/modules/search/service/EsSearchServiceImpl.java:[55,13] cannot find symbol
[[1;31mERROR[m]   symbol:   class RestHighLevelClient
[[1;31mERROR[m]   location: class com.documentpreview.modules.search.service.EsSearchServiceImpl
[[1;31mERROR[m] /root/lite-webviewer/src/main/java/com/documentpreview/modules/search/service/EsSearchServiceImpl.java:[312,51] cannot find symbol
[[1;31mERROR[m]   symbol:   class SearchResponse
[[1;31mERROR[m]   location: class com.documentpreview.modules.search.service.EsSearchServiceImpl
[[1;31mERROR[m] /root/lite-webviewer/src/main/java/com/documentpreview/modules/search/service/EsSearchServiceImpl.java:[349,55] cannot find symbol
[[1;31mERROR[m]   symbol:   class SearchResponse
[[1;31mERROR[m]   location: class com.documentpreview.modules.search.service.EsSearchServiceImpl
[[1;31mERROR[m] /root/lite-webviewer/src/main/java/com/documentpreview/modules/search/service/EsSearchServiceImpl.java:[383,70] package org.elasticsearch.search does not exist
[[1;31mERROR[m] -> [1m[Help 1][m
[[1;31mERROR[m] 
[[1;31mERROR[m] To see the full stack trace of the errors, re-run Maven with the [1m-e[m switch.
[[1;31mERROR[m] Re-run Maven using the [1m-X[m switch to enable full debug logging.
[[1;31mERROR[m] 
[[1;31mERROR[m] For more information about the errors and possible solutions, please read the following articles:
[[1;31mERROR[m] [1m[Help 1][m http://cwiki.apache.org/confluence/display/MAVEN/MojoFailureException
Ê≠£Âú®ÂêØÂä® Spring Boot Â∫îÁî®...
[[1;34mINFO[m] Scanning for projects...
[[1;34mINFO[m] 
[[1;34mINFO[m] [1m-------------------< [0;36mcom.documentpreview:nexus-lite[0;1m >-------------------[m
[[1;34mINFO[m] [1mBuilding nexus-lite 1.0.0-SNAPSHOT[m
[[1;34mINFO[m] [1m--------------------------------[ jar ]---------------------------------[m
[[1;34mINFO[m] 
[[1;34mINFO[m] [1m>>> [0;32mspring-boot-maven-plugin:3.2.0:run[m [1m(default-cli)[0;1m > [0;1mtest-compile[m @ [36mnexus-lite[0;1m >>>[m
[[1;34mINFO[m] 
[[1;34mINFO[m] [1m--- [0;32mmaven-resources-plugin:3.3.1:resources[m [1m(default-resources)[m @ [36mnexus-lite[0;1m ---[m
[[1;34mINFO[m] Copying 1 resource from src/main/resources to target/classes
[[1;34mINFO[m] Copying 53 resources from src/main/resources to target/classes
[[1;34mINFO[m] 
[[1;34mINFO[m] [1m--- [0;32mmaven-compiler-plugin:3.11.0:compile[m [1m(default-compile)[m @ [36mnexus-lite[0;1m ---[m
[[1;34mINFO[m] Nothing to compile - all classes are up to date
[[1;34mINFO[m] 
[[1;34mINFO[m] [1m--- [0;32mmaven-resources-plugin:3.3.1:testResources[m [1m(default-testResources)[m @ [36mnexus-lite[0;1m ---[m
[[1;34mINFO[m] skip non existing resourceDirectory /root/lite-webviewer/src/test/resources
[[1;34mINFO[m] 
[[1;34mINFO[m] [1m--- [0;32mmaven-compiler-plugin:3.11.0:testCompile[m [1m(default-testCompile)[m @ [36mnexus-lite[0;1m ---[m
[[1;34mINFO[m] No sources to compile
[[1;34mINFO[m] 
[[1;34mINFO[m] [1m<<< [0;32mspring-boot-maven-plugin:3.2.0:run[m [1m(default-cli)[0;1m < [0;1mtest-compile[m @ [36mnexus-lite[0;1m <<<[m
[[1;34mINFO[m] 
[[1;34mINFO[m] 
[[1;34mINFO[m] [1m--- [0;32mspring-boot-maven-plugin:3.2.0:run[m [1m(default-cli)[m @ [36mnexus-lite[0;1m ---[m
[[1;34mINFO[m] Attaching agents: []
Standard Commons Logging discovery in action with spring-jcl: please remove commons-logging.jar from classpath in order to avoid potential conflicts

  .   ____          _            __ _ _
 /\\ / ___'_ __ _ _(_)_ __  __ _ \ \ \ \
( ( )\___ | '_ | '_| | '_ \/ _` | \ \ \ \
 \\/  ___)| |_)| | | | | || (_| |  ) ) ) )
  '  |____| .__|_| |_|_| |_\__, | / / / /
 =========|_|==============|___/=/_/_/_/
 :: Spring Boot ::                (v3.2.0)

2025-11-30 21:49:50 [main] INFO  c.d.NexusLiteApplication - Starting NexusLiteApplication using Java 17.0.17 with PID 581967 (/root/lite-webviewer/target/classes started by root in /root/lite-webviewer)
2025-11-30 21:49:50 [main] DEBUG c.d.NexusLiteApplication - Running with Spring Boot v3.2.0, Spring v6.1.1
2025-11-30 21:49:50 [main] INFO  c.d.NexusLiteApplication - No active profile set, falling back to 1 default profile: "default"
2025-11-30 21:49:51 [main] INFO  o.s.d.r.c.RepositoryConfigurationDelegate - Multiple Spring Data modules found, entering strict repository configuration mode
2025-11-30 21:49:51 [main] INFO  o.s.d.r.c.RepositoryConfigurationDelegate - Bootstrapping Spring Data Elasticsearch repositories in DEFAULT mode.
2025-11-30 21:49:51 [main] INFO  o.s.d.r.c.RepositoryConfigurationDelegate - Finished Spring Data repository scanning in 49 ms. Found 1 Elasticsearch repository interface.
2025-11-30 21:49:51 [main] INFO  o.s.d.r.c.RepositoryConfigurationDelegate - Multiple Spring Data modules found, entering strict repository configuration mode
2025-11-30 21:49:51 [main] INFO  o.s.d.r.c.RepositoryConfigurationDelegate - Bootstrapping Spring Data Reactive Elasticsearch repositories in DEFAULT mode.
2025-11-30 21:49:51 [main] INFO  o.s.d.r.c.RepositoryConfigurationExtensionSupport - Spring Data Reactive Elasticsearch - Could not safely identify store assignment for repository candidate interface com.documentpreview.modules.search.es.EsDocumentRepository; If you want this repository to be a Reactive Elasticsearch repository, consider annotating your entities with one of these annotations: org.springframework.data.elasticsearch.annotations.Document (preferred), or consider extending one of the following types with your repository: org.springframework.data.elasticsearch.repository.ReactiveElasticsearchRepository
2025-11-30 21:49:51 [main] INFO  o.s.d.r.c.RepositoryConfigurationDelegate - Finished Spring Data repository scanning in 5 ms. Found 0 Reactive Elasticsearch repository interfaces.
2025-11-30 21:49:51 [main] INFO  o.s.d.r.c.RepositoryConfigurationDelegate - Multiple Spring Data modules found, entering strict repository configuration mode
2025-11-30 21:49:51 [main] INFO  o.s.d.r.c.RepositoryConfigurationDelegate - Bootstrapping Spring Data JPA repositories in DEFAULT mode.
2025-11-30 21:49:51 [main] INFO  o.s.d.r.c.RepositoryConfigurationExtensionSupport - Spring Data JPA - Could not safely identify store assignment for repository candidate interface com.documentpreview.modules.search.es.EsDocumentRepository; If you want this repository to be a JPA repository, consider annotating your entities with one of these annotations: jakarta.persistence.Entity, jakarta.persistence.MappedSuperclass (preferred), or consider extending one of the following types with your repository: org.springframework.data.jpa.repository.JpaRepository
2025-11-30 21:49:51 [main] INFO  o.s.d.r.c.RepositoryConfigurationDelegate - Finished Spring Data repository scanning in 6 ms. Found 0 JPA repository interfaces.
2025-11-30 21:49:51 [main] INFO  o.s.b.w.e.tomcat.TomcatWebServer - Tomcat initialized with port 8080 (http)
2025-11-30 21:49:51 [main] INFO  o.a.catalina.core.StandardService - Starting service [Tomcat]
2025-11-30 21:49:51 [main] INFO  o.a.catalina.core.StandardEngine - Starting Servlet engine: [Apache Tomcat/10.1.16]
2025-11-30 21:49:52 [main] INFO  o.a.c.c.C.[Tomcat].[localhost].[/] - Initializing Spring embedded WebApplicationContext
2025-11-30 21:49:52 [main] INFO  o.s.b.w.s.c.ServletWebServerApplicationContext - Root WebApplicationContext: initialization completed in 1843 ms
Standard Commons Logging discovery in action with spring-jcl: please remove commons-logging.jar from classpath in order to avoid potential conflicts
2025-11-30 21:49:52 [main] INFO  o.s.o.j.p.SpringPersistenceUnitInfo - No LoadTimeWeaver setup: ignoring JPA class transformer
2025-11-30 21:49:52 [main] INFO  com.zaxxer.hikari.HikariDataSource - HikariPool-1 - Starting...
2025-11-30 21:49:52 [main] INFO  com.zaxxer.hikari.pool.HikariPool - HikariPool-1 - Added connection conn0: url=jdbc:h2:file:./data/nexus_db user=SA
2025-11-30 21:49:52 [main] INFO  com.zaxxer.hikari.HikariDataSource - HikariPool-1 - Start completed.
2025-11-30 21:49:52 [main] WARN  org.hibernate.orm.deprecation - HHH90000025: H2Dialect does not need to be specified explicitly using 'hibernate.dialect' (remove the property setting and it will be selected by default)
2025-11-30 21:49:53 [main] INFO  o.s.o.j.LocalContainerEntityManagerFactoryBean - Initialized JPA EntityManagerFactory for persistence unit 'default'
2025-11-30 21:49:53 [main] WARN  o.s.b.w.s.c.AnnotationConfigServletWebServerApplicationContext - Exception encountered during context initialization - cancelling refresh attempt: org.springframework.beans.factory.UnsatisfiedDependencyException: Error creating bean with name 'esIndexService' defined in file [/root/lite-webviewer/target/classes/com/documentpreview/modules/search/service/EsIndexService.class]: Unsatisfied dependency expressed through constructor parameter 1: Error creating bean with name 'esDocumentRepository' defined in com.documentpreview.modules.search.es.EsDocumentRepository defined in @EnableElasticsearchRepositories declared on ElasticsearchRepositoriesRegistrar.EnableElasticsearchRepositoriesConfiguration: Cannot resolve reference to bean 'elasticsearchTemplate' while setting bean property 'elasticsearchOperations'
2025-11-30 21:49:53 [main] INFO  o.s.o.j.LocalContainerEntityManagerFactoryBean - Closing JPA EntityManagerFactory for persistence unit 'default'
2025-11-30 21:49:53 [main] INFO  com.zaxxer.hikari.HikariDataSource - HikariPool-1 - Shutdown initiated...
2025-11-30 21:49:53 [main] INFO  com.zaxxer.hikari.HikariDataSource - HikariPool-1 - Shutdown completed.
2025-11-30 21:49:53 [main] INFO  o.a.catalina.core.StandardService - Stopping service [Tomcat]
2025-11-30 21:49:53 [main] INFO  o.s.b.a.l.ConditionEvaluationReportLogger - 

Error starting ApplicationContext. To display the condition evaluation report re-run your application with 'debug' enabled.
2025-11-30 21:49:53 [main] ERROR o.s.b.d.LoggingFailureAnalysisReporter - 

***************************
APPLICATION FAILED TO START
***************************

Description:

Parameter 1 of constructor in com.documentpreview.modules.search.service.EsIndexService required a bean named 'elasticsearchTemplate' that could not be found.


Action:

Consider defining a bean named 'elasticsearchTemplate' in your configuration.

[[1;34mINFO[m] [1m------------------------------------------------------------------------[m
[[1;34mINFO[m] [1;31mBUILD FAILURE[m
[[1;34mINFO[m] [1m------------------------------------------------------------------------[m
[[1;34mINFO[m] Total time:  6.487 s
[[1;34mINFO[m] Finished at: 2025-11-30T21:49:53+08:00
[[1;34mINFO[m] [1m------------------------------------------------------------------------[m
[[1;31mERROR[m] Failed to execute goal [32morg.springframework.boot:spring-boot-maven-plugin:3.2.0:run[m [1m(default-cli)[m on project [36mnexus-lite[m: [1;31mProcess terminated with exit code: 1[m -> [1m[Help 1][m
[[1;31mERROR[m] 
[[1;31mERROR[m] To see the full stack trace of the errors, re-run Maven with the [1m-e[m switch.
[[1;31mERROR[m] Re-run Maven using the [1m-X[m switch to enable full debug logging.
[[1;31mERROR[m] 
[[1;31mERROR[m] For more information about the errors and possible solutions, please read the following articles:
[[1;31mERROR[m] [1m[Help 1][m http://cwiki.apache.org/confluence/display/MAVEN/MojoExecutionException
